-- The C compiler identification is GNU 13.3.0
-- The CXX compiler identification is GNU 13.3.0
-- Detecting C compiler ABI info
-- Detecting C compiler ABI info - done
-- Check for working C compiler: /usr/bin/cc - skipped
-- Detecting C compile features
-- Detecting C compile features - done
-- Detecting CXX compiler ABI info
-- Detecting CXX compiler ABI info - done
-- Check for working CXX compiler: /usr/bin/c++ - skipped
-- Detecting CXX compile features
-- Detecting CXX compile features - done
-- Found ament_cmake: 2.5.5 (/opt/ros/jazzy/share/ament_cmake/cmake)
-- Found Python3: /usr/bin/python3 (found version "3.12.3") found components: Interpreter 
-- Found rclpy: 7.1.9 (/opt/ros/jazzy/share/rclpy/cmake)
-- Found moveit_ros_planning_interface: 2.12.4 (/opt/ros/jazzy/share/moveit_ros_planning_interface/cmake)
-- Found Boost: /usr/lib/x86_64-linux-gnu/cmake/Boost-1.83.0/BoostConfig.cmake (found version "1.83.0") found components: date_time filesystem program_options system thread 
-- Found rosidl_generator_c: 4.6.7 (/opt/ros/jazzy/share/rosidl_generator_c/cmake)
-- Found rosidl_generator_cpp: 4.6.7 (/opt/ros/jazzy/share/rosidl_generator_cpp/cmake)
-- Using all available rosidl_typesupport_c: rosidl_typesupport_fastrtps_c;rosidl_typesupport_introspection_c
-- Using all available rosidl_typesupport_cpp: rosidl_typesupport_fastrtps_cpp;rosidl_typesupport_introspection_cpp
-- Found Boost: /usr/lib/x86_64-linux-gnu/cmake/Boost-1.83.0/BoostConfig.cmake (found version "1.83.0") found components: chrono date_time filesystem iostreams program_options regex serialization system thread 
-- Found parameter_traits: 0.6.0 (/opt/ros/jazzy/share/parameter_traits/cmake)
-- Found rmw_implementation_cmake: 7.3.3 (/opt/ros/jazzy/share/rmw_implementation_cmake/cmake)
-- Found rmw_fastrtps_cpp: 8.4.3 (/opt/ros/jazzy/share/rmw_fastrtps_cpp/cmake)
-- Found OpenSSL: /usr/lib/x86_64-linux-gnu/libcrypto.so (found version "3.0.13")  
-- Found FastRTPS: /opt/ros/jazzy/include (Required is at least version "2.13") 
-- Using RMW implementation 'rmw_fastrtps_cpp' as default
-- Found rclcpp_lifecycle: 28.1.16 (/opt/ros/jazzy/share/rclcpp_lifecycle/cmake)
-- Found Boost: /usr/lib/x86_64-linux-gnu/cmake/Boost-1.83.0/BoostConfig.cmake (found version "1.83.0") found components: filesystem 
-- Found Eigen3: TRUE (found version "3.4.0") 
-- Ensuring Eigen3 include directory is part of orocos-kdl CMake target
-- Found Boost: /usr/lib/x86_64-linux-gnu/cmake/Boost-1.83.0/BoostConfig.cmake (found version "1.83.0") found components: system filesystem date_time program_options thread chrono 
-- Found Boost: /usr/lib/x86_64-linux-gnu/cmake/Boost-1.83.0/BoostConfig.cmake (found version "1.83.0") found components: thread system filesystem regex date_time program_options 
-- Found Boost: /usr/lib/x86_64-linux-gnu/cmake/Boost-1.83.0/BoostConfig.cmake (found version "1.83.0") found components: system filesystem date_time program_options thread 
-- Configuring done (2.8s)
-- Generating done (0.0s)
-- Build files have been written to: /home/lifeofsankar/arm_ws/build/wall_painter
-- Install configuration: ""
-- Installing: /home/lifeofsankar/arm_ws/install/wall_painter/lib/wall_painter/wall_detection.py
-- Installing: /home/lifeofsankar/arm_ws/install/wall_painter/lib/wall_painter/object_spawner.py
-- Installing: /home/lifeofsankar/arm_ws/install/wall_painter/lib/wall_painter/full_wall_detection.py
-- Installing: /home/lifeofsankar/arm_ws/install/wall_painter/share/ament_index/resource_index/package_run_dependencies/wall_painter
-- Installing: /home/lifeofsankar/arm_ws/install/wall_painter/share/ament_index/resource_index/parent_prefix_path/wall_painter
-- Installing: /home/lifeofsankar/arm_ws/install/wall_painter/share/wall_painter/environment/ament_prefix_path.sh
-- Installing: /home/lifeofsankar/arm_ws/install/wall_painter/share/wall_painter/environment/ament_prefix_path.dsv
-- Installing: /home/lifeofsankar/arm_ws/install/wall_painter/share/wall_painter/environment/path.sh
-- Installing: /home/lifeofsankar/arm_ws/install/wall_painter/share/wall_painter/environment/path.dsv
-- Installing: /home/lifeofsankar/arm_ws/install/wall_painter/share/wall_painter/local_setup.bash
-- Installing: /home/lifeofsankar/arm_ws/install/wall_painter/share/wall_painter/local_setup.sh
-- Installing: /home/lifeofsankar/arm_ws/install/wall_painter/share/wall_painter/local_setup.zsh
-- Installing: /home/lifeofsankar/arm_ws/install/wall_painter/share/wall_painter/local_setup.dsv
-- Installing: /home/lifeofsankar/arm_ws/install/wall_painter/share/wall_painter/package.dsv
-- Installing: /home/lifeofsankar/arm_ws/install/wall_painter/share/ament_index/resource_index/packages/wall_painter
-- Installing: /home/lifeofsankar/arm_ws/install/wall_painter/share/wall_painter/cmake/wall_painterConfig.cmake
-- Installing: /home/lifeofsankar/arm_ws/install/wall_painter/share/wall_painter/cmake/wall_painterConfig-version.cmake
-- Installing: /home/lifeofsankar/arm_ws/install/wall_painter/share/wall_painter/package.xml
