[0.010s] Invoking command in '/home/lifeofsankar/ros2_ws/build/ur_gazebo': CMAKE_PREFIX_PATH=${CMAKE_PREFIX_PATH}:/opt/ros/jazzy DEBUGINFOD_URLS=https://debuginfod.ubuntu.com /usr/bin/cmake /home/lifeofsankar/ros2_ws/src/ur_gazebo -DCMAKE_INSTALL_PREFIX=/home/lifeofsankar/ros2_ws/install/ur_gazebo
[0.067s] -- The C compiler identification is GNU 13.3.0
[0.123s] -- The CXX compiler identification is GNU 13.3.0
[0.138s] -- Detecting C compiler ABI info
[0.222s] -- Detecting C compiler ABI info - done
[0.231s] -- Check for working C compiler: /usr/bin/cc - skipped
[0.231s] -- Detecting C compile features
[0.231s] -- Detecting C compile features - done
[0.240s] -- Detecting CXX compiler ABI info
[0.335s] -- Detecting CXX compiler ABI info - done
[0.351s] -- Check for working CXX compiler: /usr/bin/c++ - skipped
[0.351s] -- Detecting CXX compile features
[0.352s] -- Detecting CXX compile features - done
[0.359s] -- Found ament_cmake: 2.5.5 (/opt/ros/jazzy/share/ament_cmake/cmake)
[0.516s] -- Found Python3: /usr/bin/python3 (found version "3.12.3") found components: Interpreter 
[0.647s] -- Found ament_lint_auto: 0.17.4 (/opt/ros/jazzy/share/ament_lint_auto/cmake)
[0.775s] -- Added test 'flake8' to check Python code syntax and style conventions
[0.775s] -- Configured 'flake8' exclude dirs and/or files: 
[0.776s] -- Added test 'lint_cmake' to check CMake code style
[0.777s] -- Added test 'pep257' to check Python code against some of the docstring style conventions in PEP 257
[0.780s] -- Added test 'xmllint' to check XML markup files
[0.782s] -- Configuring done (0.8s)
[0.785s] -- Generating done (0.0s)
[0.786s] -- Build files have been written to: /home/lifeofsankar/ros2_ws/build/ur_gazebo
[0.791s] Invoked command in '/home/lifeofsankar/ros2_ws/build/ur_gazebo' returned '0': CMAKE_PREFIX_PATH=${CMAKE_PREFIX_PATH}:/opt/ros/jazzy DEBUGINFOD_URLS=https://debuginfod.ubuntu.com /usr/bin/cmake /home/lifeofsankar/ros2_ws/src/ur_gazebo -DCMAKE_INSTALL_PREFIX=/home/lifeofsankar/ros2_ws/install/ur_gazebo
[0.792s] Invoking command in '/home/lifeofsankar/ros2_ws/build/ur_gazebo': CMAKE_PREFIX_PATH=${CMAKE_PREFIX_PATH}:/opt/ros/jazzy DEBUGINFOD_URLS=https://debuginfod.ubuntu.com /usr/bin/cmake --build /home/lifeofsankar/ros2_ws/build/ur_gazebo -- -j8 -l8
[0.832s] Invoked command in '/home/lifeofsankar/ros2_ws/build/ur_gazebo' returned '0': CMAKE_PREFIX_PATH=${CMAKE_PREFIX_PATH}:/opt/ros/jazzy DEBUGINFOD_URLS=https://debuginfod.ubuntu.com /usr/bin/cmake --build /home/lifeofsankar/ros2_ws/build/ur_gazebo -- -j8 -l8
[0.842s] Invoking command in '/home/lifeofsankar/ros2_ws/build/ur_gazebo': CMAKE_PREFIX_PATH=${CMAKE_PREFIX_PATH}:/opt/ros/jazzy DEBUGINFOD_URLS=https://debuginfod.ubuntu.com /usr/bin/cmake --install /home/lifeofsankar/ros2_ws/build/ur_gazebo
[0.850s] -- Install configuration: ""
[0.850s] -- Installing: /home/lifeofsankar/ros2_ws/install/ur_gazebo/share/ament_index/resource_index/package_run_dependencies/ur_gazebo
[0.851s] -- Installing: /home/lifeofsankar/ros2_ws/install/ur_gazebo/share/ament_index/resource_index/parent_prefix_path/ur_gazebo
[0.851s] -- Installing: /home/lifeofsankar/ros2_ws/install/ur_gazebo/share/ur_gazebo/environment/ament_prefix_path.sh
[0.851s] -- Installing: /home/lifeofsankar/ros2_ws/install/ur_gazebo/share/ur_gazebo/environment/ament_prefix_path.dsv
[0.851s] -- Installing: /home/lifeofsankar/ros2_ws/install/ur_gazebo/share/ur_gazebo/environment/path.sh
[0.851s] -- Installing: /home/lifeofsankar/ros2_ws/install/ur_gazebo/share/ur_gazebo/environment/path.dsv
[0.851s] -- Installing: /home/lifeofsankar/ros2_ws/install/ur_gazebo/share/ur_gazebo/local_setup.bash
[0.851s] -- Installing: /home/lifeofsankar/ros2_ws/install/ur_gazebo/share/ur_gazebo/local_setup.sh
[0.851s] -- Installing: /home/lifeofsankar/ros2_ws/install/ur_gazebo/share/ur_gazebo/local_setup.zsh
[0.852s] -- Installing: /home/lifeofsankar/ros2_ws/install/ur_gazebo/share/ur_gazebo/local_setup.dsv
[0.852s] -- Installing: /home/lifeofsankar/ros2_ws/install/ur_gazebo/share/ur_gazebo/package.dsv
[0.852s] -- Installing: /home/lifeofsankar/ros2_ws/install/ur_gazebo/share/ament_index/resource_index/packages/ur_gazebo
[0.852s] -- Installing: /home/lifeofsankar/ros2_ws/install/ur_gazebo/share/ur_gazebo/cmake/ur_gazeboConfig.cmake
[0.852s] -- Installing: /home/lifeofsankar/ros2_ws/install/ur_gazebo/share/ur_gazebo/cmake/ur_gazeboConfig-version.cmake
[0.852s] -- Installing: /home/lifeofsankar/ros2_ws/install/ur_gazebo/share/ur_gazebo/package.xml
[0.854s] Invoked command in '/home/lifeofsankar/ros2_ws/build/ur_gazebo' returned '0': CMAKE_PREFIX_PATH=${CMAKE_PREFIX_PATH}:/opt/ros/jazzy DEBUGINFOD_URLS=https://debuginfod.ubuntu.com /usr/bin/cmake --install /home/lifeofsankar/ros2_ws/build/ur_gazebo
