[0.032s] Invoking command in '/home/lifeofsankar/arm_ws/build/arm_moveit_config': CMAKE_PREFIX_PATH=/home/lifeofsankar/arm_ws/install/arm_description:/home/lifeofsankar/arm_ws/install/wall_painter:/home/lifeofsankar/arm_ws/install/my_mtc_task:/home/lifeofsankar/arm_ws/install/dual_arm_moveit_config:/home/lifeofsankar/arm_ws/install/dual_arm_gazebo:/home/lifeofsankar/arm_ws/install/dual_arm_description:/home/lifeofsankar/arm_ws/install/arm_moveit_config:/home/lifeofsankar/arm_ws/install/arm_gazebo:/opt/ros/jazzy/opt/gz_sim_vendor:/opt/ros/jazzy/opt/gz_sensors_vendor:/opt/ros/jazzy/opt/gz_physics_vendor:/opt/ros/jazzy/opt/sdformat_vendor:/opt/ros/jazzy/opt/gz_gui_vendor:/opt/ros/jazzy/opt/gz_transport_vendor:/opt/ros/jazzy/opt/gz_rendering_vendor:/opt/ros/jazzy/opt/gz_plugin_vendor:/opt/ros/jazzy/opt/gz_fuel_tools_vendor:/opt/ros/jazzy/opt/gz_msgs_vendor:/opt/ros/jazzy/opt/gz_common_vendor:/opt/ros/jazzy/opt/gz_math_vendor:/opt/ros/jazzy/opt/gz_utils_vendor:/opt/ros/jazzy/opt/gz_tools_vendor:/opt/ros/jazzy/opt/gz_ogre_next_vendor:/opt/ros/jazzy/opt/gz_dartsim_vendor:/opt/ros/jazzy/opt/gz_cmake_vendor:/opt/ros/jazzy DEBUGINFOD_URLS=https://debuginfod.ubuntu.com /usr/bin/cmake /home/lifeofsankar/arm_ws/src/arm_moveit_config -DCMAKE_INSTALL_PREFIX=/home/lifeofsankar/arm_ws/install/arm_moveit_config
[0.133s] -- The C compiler identification is GNU 13.3.0
[0.195s] -- The CXX compiler identification is GNU 13.3.0
[0.216s] -- Detecting C compiler ABI info
[0.306s] -- Detecting C compiler ABI info - done
[0.319s] -- Check for working C compiler: /usr/bin/cc - skipped
[0.319s] -- Detecting C compile features
[0.320s] -- Detecting C compile features - done
[0.329s] -- Detecting CXX compiler ABI info
[0.437s] -- Detecting CXX compiler ABI info - done
[0.454s] -- Check for working CXX compiler: /usr/bin/c++ - skipped
[0.454s] -- Detecting CXX compile features
[0.455s] -- Detecting CXX compile features - done
[0.461s] -- Found ament_cmake: 2.5.5 (/opt/ros/jazzy/share/ament_cmake/cmake)
[0.680s] -- Found Python3: /usr/bin/python3 (found version "3.12.3") found components: Interpreter 
[0.931s] -- Configuring done (0.9s)
[0.935s] -- Generating done (0.0s)
[0.937s] -- Build files have been written to: /home/lifeofsankar/arm_ws/build/arm_moveit_config
[0.944s] Invoked command in '/home/lifeofsankar/arm_ws/build/arm_moveit_config' returned '0': CMAKE_PREFIX_PATH=/home/lifeofsankar/arm_ws/install/arm_description:/home/lifeofsankar/arm_ws/install/wall_painter:/home/lifeofsankar/arm_ws/install/my_mtc_task:/home/lifeofsankar/arm_ws/install/dual_arm_moveit_config:/home/lifeofsankar/arm_ws/install/dual_arm_gazebo:/home/lifeofsankar/arm_ws/install/dual_arm_description:/home/lifeofsankar/arm_ws/install/arm_moveit_config:/home/lifeofsankar/arm_ws/install/arm_gazebo:/opt/ros/jazzy/opt/gz_sim_vendor:/opt/ros/jazzy/opt/gz_sensors_vendor:/opt/ros/jazzy/opt/gz_physics_vendor:/opt/ros/jazzy/opt/sdformat_vendor:/opt/ros/jazzy/opt/gz_gui_vendor:/opt/ros/jazzy/opt/gz_transport_vendor:/opt/ros/jazzy/opt/gz_rendering_vendor:/opt/ros/jazzy/opt/gz_plugin_vendor:/opt/ros/jazzy/opt/gz_fuel_tools_vendor:/opt/ros/jazzy/opt/gz_msgs_vendor:/opt/ros/jazzy/opt/gz_common_vendor:/opt/ros/jazzy/opt/gz_math_vendor:/opt/ros/jazzy/opt/gz_utils_vendor:/opt/ros/jazzy/opt/gz_tools_vendor:/opt/ros/jazzy/opt/gz_ogre_next_vendor:/opt/ros/jazzy/opt/gz_dartsim_vendor:/opt/ros/jazzy/opt/gz_cmake_vendor:/opt/ros/jazzy DEBUGINFOD_URLS=https://debuginfod.ubuntu.com /usr/bin/cmake /home/lifeofsankar/arm_ws/src/arm_moveit_config -DCMAKE_INSTALL_PREFIX=/home/lifeofsankar/arm_ws/install/arm_moveit_config
[0.945s] Invoking command in '/home/lifeofsankar/arm_ws/build/arm_moveit_config': CMAKE_PREFIX_PATH=/home/lifeofsankar/arm_ws/install/arm_description:/home/lifeofsankar/arm_ws/install/wall_painter:/home/lifeofsankar/arm_ws/install/my_mtc_task:/home/lifeofsankar/arm_ws/install/dual_arm_moveit_config:/home/lifeofsankar/arm_ws/install/dual_arm_gazebo:/home/lifeofsankar/arm_ws/install/dual_arm_description:/home/lifeofsankar/arm_ws/install/arm_moveit_config:/home/lifeofsankar/arm_ws/install/arm_gazebo:/opt/ros/jazzy/opt/gz_sim_vendor:/opt/ros/jazzy/opt/gz_sensors_vendor:/opt/ros/jazzy/opt/gz_physics_vendor:/opt/ros/jazzy/opt/sdformat_vendor:/opt/ros/jazzy/opt/gz_gui_vendor:/opt/ros/jazzy/opt/gz_transport_vendor:/opt/ros/jazzy/opt/gz_rendering_vendor:/opt/ros/jazzy/opt/gz_plugin_vendor:/opt/ros/jazzy/opt/gz_fuel_tools_vendor:/opt/ros/jazzy/opt/gz_msgs_vendor:/opt/ros/jazzy/opt/gz_common_vendor:/opt/ros/jazzy/opt/gz_math_vendor:/opt/ros/jazzy/opt/gz_utils_vendor:/opt/ros/jazzy/opt/gz_tools_vendor:/opt/ros/jazzy/opt/gz_ogre_next_vendor:/opt/ros/jazzy/opt/gz_dartsim_vendor:/opt/ros/jazzy/opt/gz_cmake_vendor:/opt/ros/jazzy DEBUGINFOD_URLS=https://debuginfod.ubuntu.com /usr/bin/cmake --build /home/lifeofsankar/arm_ws/build/arm_moveit_config -- -j8 -l8
[0.987s] Invoked command in '/home/lifeofsankar/arm_ws/build/arm_moveit_config' returned '0': CMAKE_PREFIX_PATH=/home/lifeofsankar/arm_ws/install/arm_description:/home/lifeofsankar/arm_ws/install/wall_painter:/home/lifeofsankar/arm_ws/install/my_mtc_task:/home/lifeofsankar/arm_ws/install/dual_arm_moveit_config:/home/lifeofsankar/arm_ws/install/dual_arm_gazebo:/home/lifeofsankar/arm_ws/install/dual_arm_description:/home/lifeofsankar/arm_ws/install/arm_moveit_config:/home/lifeofsankar/arm_ws/install/arm_gazebo:/opt/ros/jazzy/opt/gz_sim_vendor:/opt/ros/jazzy/opt/gz_sensors_vendor:/opt/ros/jazzy/opt/gz_physics_vendor:/opt/ros/jazzy/opt/sdformat_vendor:/opt/ros/jazzy/opt/gz_gui_vendor:/opt/ros/jazzy/opt/gz_transport_vendor:/opt/ros/jazzy/opt/gz_rendering_vendor:/opt/ros/jazzy/opt/gz_plugin_vendor:/opt/ros/jazzy/opt/gz_fuel_tools_vendor:/opt/ros/jazzy/opt/gz_msgs_vendor:/opt/ros/jazzy/opt/gz_common_vendor:/opt/ros/jazzy/opt/gz_math_vendor:/opt/ros/jazzy/opt/gz_utils_vendor:/opt/ros/jazzy/opt/gz_tools_vendor:/opt/ros/jazzy/opt/gz_ogre_next_vendor:/opt/ros/jazzy/opt/gz_dartsim_vendor:/opt/ros/jazzy/opt/gz_cmake_vendor:/opt/ros/jazzy DEBUGINFOD_URLS=https://debuginfod.ubuntu.com /usr/bin/cmake --build /home/lifeofsankar/arm_ws/build/arm_moveit_config -- -j8 -l8
[0.988s] Invoking command in '/home/lifeofsankar/arm_ws/build/arm_moveit_config': CMAKE_PREFIX_PATH=/home/lifeofsankar/arm_ws/install/arm_description:/home/lifeofsankar/arm_ws/install/wall_painter:/home/lifeofsankar/arm_ws/install/my_mtc_task:/home/lifeofsankar/arm_ws/install/dual_arm_moveit_config:/home/lifeofsankar/arm_ws/install/dual_arm_gazebo:/home/lifeofsankar/arm_ws/install/dual_arm_description:/home/lifeofsankar/arm_ws/install/arm_moveit_config:/home/lifeofsankar/arm_ws/install/arm_gazebo:/opt/ros/jazzy/opt/gz_sim_vendor:/opt/ros/jazzy/opt/gz_sensors_vendor:/opt/ros/jazzy/opt/gz_physics_vendor:/opt/ros/jazzy/opt/sdformat_vendor:/opt/ros/jazzy/opt/gz_gui_vendor:/opt/ros/jazzy/opt/gz_transport_vendor:/opt/ros/jazzy/opt/gz_rendering_vendor:/opt/ros/jazzy/opt/gz_plugin_vendor:/opt/ros/jazzy/opt/gz_fuel_tools_vendor:/opt/ros/jazzy/opt/gz_msgs_vendor:/opt/ros/jazzy/opt/gz_common_vendor:/opt/ros/jazzy/opt/gz_math_vendor:/opt/ros/jazzy/opt/gz_utils_vendor:/opt/ros/jazzy/opt/gz_tools_vendor:/opt/ros/jazzy/opt/gz_ogre_next_vendor:/opt/ros/jazzy/opt/gz_dartsim_vendor:/opt/ros/jazzy/opt/gz_cmake_vendor:/opt/ros/jazzy DEBUGINFOD_URLS=https://debuginfod.ubuntu.com /usr/bin/cmake --install /home/lifeofsankar/arm_ws/build/arm_moveit_config
[0.999s] -- Install configuration: ""
[0.999s] -- Installing: /home/lifeofsankar/arm_ws/install/arm_moveit_config/share/ament_index/resource_index/package_run_dependencies/arm_moveit_config
[0.999s] -- Installing: /home/lifeofsankar/arm_ws/install/arm_moveit_config/share/ament_index/resource_index/parent_prefix_path/arm_moveit_config
[1.000s] -- Installing: /home/lifeofsankar/arm_ws/install/arm_moveit_config/share/arm_moveit_config/environment/ament_prefix_path.sh
[1.000s] -- Installing: /home/lifeofsankar/arm_ws/install/arm_moveit_config/share/arm_moveit_config/environment/ament_prefix_path.dsv
[1.000s] -- Installing: /home/lifeofsankar/arm_ws/install/arm_moveit_config/share/arm_moveit_config/environment/path.sh
[1.000s] -- Installing: /home/lifeofsankar/arm_ws/install/arm_moveit_config/share/arm_moveit_config/environment/path.dsv
[1.000s] -- Installing: /home/lifeofsankar/arm_ws/install/arm_moveit_config/share/arm_moveit_config/local_setup.bash
[1.000s] -- Installing: /home/lifeofsankar/arm_ws/install/arm_moveit_config/share/arm_moveit_config/local_setup.sh
[1.001s] -- Installing: /home/lifeofsankar/arm_ws/install/arm_moveit_config/share/arm_moveit_config/local_setup.zsh
[1.001s] -- Installing: /home/lifeofsankar/arm_ws/install/arm_moveit_config/share/arm_moveit_config/local_setup.dsv
[1.001s] -- Installing: /home/lifeofsankar/arm_ws/install/arm_moveit_config/share/arm_moveit_config/package.dsv
[1.001s] -- Installing: /home/lifeofsankar/arm_ws/install/arm_moveit_config/share/ament_index/resource_index/packages/arm_moveit_config
[1.001s] -- Installing: /home/lifeofsankar/arm_ws/install/arm_moveit_config/share/arm_moveit_config/cmake/arm_moveit_configConfig.cmake
[1.002s] -- Installing: /home/lifeofsankar/arm_ws/install/arm_moveit_config/share/arm_moveit_config/cmake/arm_moveit_configConfig-version.cmake
[1.002s] -- Installing: /home/lifeofsankar/arm_ws/install/arm_moveit_config/share/arm_moveit_config/package.xml
[1.002s] -- Installing: /home/lifeofsankar/arm_ws/install/arm_moveit_config/share/arm_moveit_config/launch
[1.002s] -- Installing: /home/lifeofsankar/arm_ws/install/arm_moveit_config/share/arm_moveit_config/launch/moveit_rviz.launch.py
[1.002s] -- Installing: /home/lifeofsankar/arm_ws/install/arm_moveit_config/share/arm_moveit_config/launch/rsp.launch.py
[1.002s] -- Installing: /home/lifeofsankar/arm_ws/install/arm_moveit_config/share/arm_moveit_config/launch/demo3.launch.py
[1.002s] -- Installing: /home/lifeofsankar/arm_ws/install/arm_moveit_config/share/arm_moveit_config/launch/static_virtual_joint_tfs.launch.py
[1.003s] -- Installing: /home/lifeofsankar/arm_ws/install/arm_moveit_config/share/arm_moveit_config/launch/warehouse_db.launch.py
[1.003s] -- Installing: /home/lifeofsankar/arm_ws/install/arm_moveit_config/share/arm_moveit_config/launch/move_group.launch.py
[1.003s] -- Installing: /home/lifeofsankar/arm_ws/install/arm_moveit_config/share/arm_moveit_config/launch/setup_assistant.launch.py
[1.003s] -- Installing: /home/lifeofsankar/arm_ws/install/arm_moveit_config/share/arm_moveit_config/launch/demo2.launch.py
[1.003s] -- Installing: /home/lifeofsankar/arm_ws/install/arm_moveit_config/share/arm_moveit_config/launch/spawn_controllers.launch.py
[1.004s] -- Installing: /home/lifeofsankar/arm_ws/install/arm_moveit_config/share/arm_moveit_config/launch/demo.launch.py
[1.004s] -- Installing: /home/lifeofsankar/arm_ws/install/arm_moveit_config/share/arm_moveit_config/config
[1.004s] -- Installing: /home/lifeofsankar/arm_ws/install/arm_moveit_config/share/arm_moveit_config/config/panda.srdf
[1.004s] -- Installing: /home/lifeofsankar/arm_ws/install/arm_moveit_config/share/arm_moveit_config/config/kinematics.yaml
[1.004s] -- Installing: /home/lifeofsankar/arm_ws/install/arm_moveit_config/share/arm_moveit_config/config/pilz_cartesian_limits.yaml
[1.004s] -- Installing: /home/lifeofsankar/arm_ws/install/arm_moveit_config/share/arm_moveit_config/config/moveit.rviz
[1.005s] -- Installing: /home/lifeofsankar/arm_ws/install/arm_moveit_config/share/arm_moveit_config/config/ros2_controllers.yaml
[1.005s] -- Installing: /home/lifeofsankar/arm_ws/install/arm_moveit_config/share/arm_moveit_config/config/sensors_3d.yaml
[1.005s] -- Installing: /home/lifeofsankar/arm_ws/install/arm_moveit_config/share/arm_moveit_config/config/panda.urdf.xacro
[1.005s] -- Installing: /home/lifeofsankar/arm_ws/install/arm_moveit_config/share/arm_moveit_config/config/panda.ros2_control.xacro
[1.005s] -- Installing: /home/lifeofsankar/arm_ws/install/arm_moveit_config/share/arm_moveit_config/config/initial_positions.yaml
[1.005s] -- Installing: /home/lifeofsankar/arm_ws/install/arm_moveit_config/share/arm_moveit_config/config/moveit_controllers.yaml
[1.005s] -- Installing: /home/lifeofsankar/arm_ws/install/arm_moveit_config/share/arm_moveit_config/config/joint_limits.yaml
[1.005s] -- Installing: /home/lifeofsankar/arm_ws/install/arm_moveit_config/share/arm_moveit_config/.setup_assistant
[1.011s] Invoked command in '/home/lifeofsankar/arm_ws/build/arm_moveit_config' returned '0': CMAKE_PREFIX_PATH=/home/lifeofsankar/arm_ws/install/arm_description:/home/lifeofsankar/arm_ws/install/wall_painter:/home/lifeofsankar/arm_ws/install/my_mtc_task:/home/lifeofsankar/arm_ws/install/dual_arm_moveit_config:/home/lifeofsankar/arm_ws/install/dual_arm_gazebo:/home/lifeofsankar/arm_ws/install/dual_arm_description:/home/lifeofsankar/arm_ws/install/arm_moveit_config:/home/lifeofsankar/arm_ws/install/arm_gazebo:/opt/ros/jazzy/opt/gz_sim_vendor:/opt/ros/jazzy/opt/gz_sensors_vendor:/opt/ros/jazzy/opt/gz_physics_vendor:/opt/ros/jazzy/opt/sdformat_vendor:/opt/ros/jazzy/opt/gz_gui_vendor:/opt/ros/jazzy/opt/gz_transport_vendor:/opt/ros/jazzy/opt/gz_rendering_vendor:/opt/ros/jazzy/opt/gz_plugin_vendor:/opt/ros/jazzy/opt/gz_fuel_tools_vendor:/opt/ros/jazzy/opt/gz_msgs_vendor:/opt/ros/jazzy/opt/gz_common_vendor:/opt/ros/jazzy/opt/gz_math_vendor:/opt/ros/jazzy/opt/gz_utils_vendor:/opt/ros/jazzy/opt/gz_tools_vendor:/opt/ros/jazzy/opt/gz_ogre_next_vendor:/opt/ros/jazzy/opt/gz_dartsim_vendor:/opt/ros/jazzy/opt/gz_cmake_vendor:/opt/ros/jazzy DEBUGINFOD_URLS=https://debuginfod.ubuntu.com /usr/bin/cmake --install /home/lifeofsankar/arm_ws/build/arm_moveit_config
