[0.011s] Invoking command in '/home/lifeofsankar/ros2_ws/build/ur_gazebo': CMAKE_PREFIX_PATH=${CMAKE_PREFIX_PATH}:/opt/ros/jazzy DEBUGINFOD_URLS=https://debuginfod.ubuntu.com /usr/bin/cmake --build /home/lifeofsankar/ros2_ws/build/ur_gazebo -- -j8 -l8
[0.054s] Invoked command in '/home/lifeofsankar/ros2_ws/build/ur_gazebo' returned '0': CMAKE_PREFIX_PATH=${CMAKE_PREFIX_PATH}:/opt/ros/jazzy DEBUGINFOD_URLS=https://debuginfod.ubuntu.com /usr/bin/cmake --build /home/lifeofsankar/ros2_ws/build/ur_gazebo -- -j8 -l8
[0.065s] Invoking command in '/home/lifeofsankar/ros2_ws/build/ur_gazebo': CMAKE_PREFIX_PATH=${CMAKE_PREFIX_PATH}:/opt/ros/jazzy DEBUGINFOD_URLS=https://debuginfod.ubuntu.com /usr/bin/cmake --install /home/lifeofsankar/ros2_ws/build/ur_gazebo
[0.073s] -- Install configuration: ""
[0.074s] -- Up-to-date: /home/lifeofsankar/ros2_ws/install/ur_gazebo/share/ament_index/resource_index/package_run_dependencies/ur_gazebo
[0.074s] -- Up-to-date: /home/lifeofsankar/ros2_ws/install/ur_gazebo/share/ament_index/resource_index/parent_prefix_path/ur_gazebo
[0.074s] -- Up-to-date: /home/lifeofsankar/ros2_ws/install/ur_gazebo/share/ur_gazebo/environment/ament_prefix_path.sh
[0.074s] -- Up-to-date: /home/lifeofsankar/ros2_ws/install/ur_gazebo/share/ur_gazebo/environment/ament_prefix_path.dsv
[0.074s] -- Up-to-date: /home/lifeofsankar/ros2_ws/install/ur_gazebo/share/ur_gazebo/environment/path.sh
[0.074s] -- Up-to-date: /home/lifeofsankar/ros2_ws/install/ur_gazebo/share/ur_gazebo/environment/path.dsv
[0.074s] -- Up-to-date: /home/lifeofsankar/ros2_ws/install/ur_gazebo/share/ur_gazebo/local_setup.bash
[0.074s] -- Up-to-date: /home/lifeofsankar/ros2_ws/install/ur_gazebo/share/ur_gazebo/local_setup.sh
[0.074s] -- Up-to-date: /home/lifeofsankar/ros2_ws/install/ur_gazebo/share/ur_gazebo/local_setup.zsh
[0.074s] -- Up-to-date: /home/lifeofsankar/ros2_ws/install/ur_gazebo/share/ur_gazebo/local_setup.dsv
[0.074s] -- Installing: /home/lifeofsankar/ros2_ws/install/ur_gazebo/share/ur_gazebo/package.dsv
[0.075s] -- Up-to-date: /home/lifeofsankar/ros2_ws/install/ur_gazebo/share/ament_index/resource_index/packages/ur_gazebo
[0.075s] -- Up-to-date: /home/lifeofsankar/ros2_ws/install/ur_gazebo/share/ur_gazebo/cmake/ur_gazeboConfig.cmake
[0.075s] -- Up-to-date: /home/lifeofsankar/ros2_ws/install/ur_gazebo/share/ur_gazebo/cmake/ur_gazeboConfig-version.cmake
[0.075s] -- Up-to-date: /home/lifeofsankar/ros2_ws/install/ur_gazebo/share/ur_gazebo/package.xml
[0.076s] Invoked command in '/home/lifeofsankar/ros2_ws/build/ur_gazebo' returned '0': CMAKE_PREFIX_PATH=${CMAKE_PREFIX_PATH}:/opt/ros/jazzy DEBUGINFOD_URLS=https://debuginfod.ubuntu.com /usr/bin/cmake --install /home/lifeofsankar/ros2_ws/build/ur_gazebo
