[0.024s] Invoking command in '/home/lifeofsankar/arm_ws/build/dual_arm_description': CMAKE_PREFIX_PATH=${CMAKE_PREFIX_PATH}:/opt/ros/jazzy DEBUGINFOD_URLS=https://debuginfod.ubuntu.com /usr/bin/cmake /home/lifeofsankar/arm_ws/src/dual_arm_description -DCMAKE_INSTALL_PREFIX=/home/lifeofsankar/arm_ws/install/dual_arm_description
[0.097s] -- The C compiler identification is GNU 13.3.0
[0.160s] -- The CXX compiler identification is GNU 13.3.0
[0.178s] -- Detecting C compiler ABI info
[0.271s] -- Detecting C compiler ABI info - done
[0.283s] -- Check for working C compiler: /usr/bin/cc - skipped
[0.283s] -- Detecting C compile features
[0.283s] -- Detecting C compile features - done
[0.294s] -- Detecting CXX compiler ABI info
[0.402s] -- Detecting CXX compiler ABI info - done
[0.419s] -- Check for working CXX compiler: /usr/bin/c++ - skipped
[0.419s] -- Detecting CXX compile features
[0.420s] -- Detecting CXX compile features - done
[0.430s] -- Found ament_cmake: 2.5.5 (/opt/ros/jazzy/share/ament_cmake/cmake)
[0.629s] -- Found Python3: /usr/bin/python3 (found version "3.12.3") found components: Interpreter 
[0.780s] -- Found robot_state_publisher: 3.3.3 (/opt/ros/jazzy/share/robot_state_publisher/cmake)
[0.840s] -- Found rosidl_generator_c: 4.6.7 (/opt/ros/jazzy/share/rosidl_generator_c/cmake)
[0.858s] -- Found rosidl_generator_cpp: 4.6.7 (/opt/ros/jazzy/share/rosidl_generator_cpp/cmake)
[0.880s] -- Using all available rosidl_typesupport_c: rosidl_typesupport_fastrtps_c;rosidl_typesupport_introspection_c
[0.907s] -- Using all available rosidl_typesupport_cpp: rosidl_typesupport_fastrtps_cpp;rosidl_typesupport_introspection_cpp
[1.034s] -- Found rmw_implementation_cmake: 7.3.3 (/opt/ros/jazzy/share/rmw_implementation_cmake/cmake)
[1.038s] -- Found rmw_fastrtps_cpp: 8.4.3 (/opt/ros/jazzy/share/rmw_fastrtps_cpp/cmake)
[1.141s] -- Found OpenSSL: /usr/lib/x86_64-linux-gnu/libcrypto.so (found version "3.0.13")  
[1.173s] -- Found FastRTPS: /opt/ros/jazzy/include (Required is at least version "2.13") 
[1.209s] -- Using RMW implementation 'rmw_fastrtps_cpp' as default
[1.560s] -- Found xacro: 2.1.1 (/opt/ros/jazzy/share/xacro/cmake)
[1.565s] -- Found ament_cmake_pytest: 2.5.5 (/opt/ros/jazzy/share/ament_cmake_pytest/cmake)
[1.668s] -- Configuring done (1.6s)
[1.672s] -- Generating done (0.0s)
[1.675s] -- Build files have been written to: /home/lifeofsankar/arm_ws/build/dual_arm_description
[1.687s] Invoked command in '/home/lifeofsankar/arm_ws/build/dual_arm_description' returned '0': CMAKE_PREFIX_PATH=${CMAKE_PREFIX_PATH}:/opt/ros/jazzy DEBUGINFOD_URLS=https://debuginfod.ubuntu.com /usr/bin/cmake /home/lifeofsankar/arm_ws/src/dual_arm_description -DCMAKE_INSTALL_PREFIX=/home/lifeofsankar/arm_ws/install/dual_arm_description
[1.688s] Invoking command in '/home/lifeofsankar/arm_ws/build/dual_arm_description': CMAKE_PREFIX_PATH=${CMAKE_PREFIX_PATH}:/opt/ros/jazzy DEBUGINFOD_URLS=https://debuginfod.ubuntu.com /usr/bin/cmake --build /home/lifeofsankar/arm_ws/build/dual_arm_description -- -j8 -l8
[1.734s] Invoked command in '/home/lifeofsankar/arm_ws/build/dual_arm_description' returned '0': CMAKE_PREFIX_PATH=${CMAKE_PREFIX_PATH}:/opt/ros/jazzy DEBUGINFOD_URLS=https://debuginfod.ubuntu.com /usr/bin/cmake --build /home/lifeofsankar/arm_ws/build/dual_arm_description -- -j8 -l8
[1.736s] Invoking command in '/home/lifeofsankar/arm_ws/build/dual_arm_description': CMAKE_PREFIX_PATH=${CMAKE_PREFIX_PATH}:/opt/ros/jazzy DEBUGINFOD_URLS=https://debuginfod.ubuntu.com /usr/bin/cmake --install /home/lifeofsankar/arm_ws/build/dual_arm_description
[1.745s] -- Install configuration: ""
[1.745s] -- Installing: /home/lifeofsankar/arm_ws/install/dual_arm_description/share/dual_arm_description/config
[1.746s] -- Installing: /home/lifeofsankar/arm_ws/install/dual_arm_description/share/dual_arm_description/config/ur5
[1.747s] -- Installing: /home/lifeofsankar/arm_ws/install/dual_arm_description/share/dual_arm_description/config/ur5/physical_parameters.yaml
[1.747s] -- Installing: /home/lifeofsankar/arm_ws/install/dual_arm_description/share/dual_arm_description/config/ur5/visual_parameters.yaml
[1.747s] -- Installing: /home/lifeofsankar/arm_ws/install/dual_arm_description/share/dual_arm_description/config/ur5/joint_limits.yaml
[1.748s] -- Installing: /home/lifeofsankar/arm_ws/install/dual_arm_description/share/dual_arm_description/config/ur5/default_kinematics.yaml
[1.749s] -- Installing: /home/lifeofsankar/arm_ws/install/dual_arm_description/share/dual_arm_description/config/ur18
[1.749s] -- Installing: /home/lifeofsankar/arm_ws/install/dual_arm_description/share/dual_arm_description/config/ur18/physical_parameters.yaml
[1.749s] -- Installing: /home/lifeofsankar/arm_ws/install/dual_arm_description/share/dual_arm_description/config/ur18/visual_parameters.yaml
[1.750s] -- Installing: /home/lifeofsankar/arm_ws/install/dual_arm_description/share/dual_arm_description/config/ur18/joint_limits.yaml
[1.750s] -- Installing: /home/lifeofsankar/arm_ws/install/dual_arm_description/share/dual_arm_description/config/ur18/default_kinematics.yaml
[1.751s] -- Installing: /home/lifeofsankar/arm_ws/install/dual_arm_description/share/dual_arm_description/config/ur12e
[1.751s] -- Installing: /home/lifeofsankar/arm_ws/install/dual_arm_description/share/dual_arm_description/config/ur12e/physical_parameters.yaml
[1.752s] -- Installing: /home/lifeofsankar/arm_ws/install/dual_arm_description/share/dual_arm_description/config/ur12e/visual_parameters.yaml
[1.752s] -- Installing: /home/lifeofsankar/arm_ws/install/dual_arm_description/share/dual_arm_description/config/ur12e/joint_limits.yaml
[1.752s] -- Installing: /home/lifeofsankar/arm_ws/install/dual_arm_description/share/dual_arm_description/config/ur12e/default_kinematics.yaml
[1.752s] -- Installing: /home/lifeofsankar/arm_ws/install/dual_arm_description/share/dual_arm_description/config/ur16e
[1.753s] -- Installing: /home/lifeofsankar/arm_ws/install/dual_arm_description/share/dual_arm_description/config/ur16e/physical_parameters.yaml
[1.753s] -- Installing: /home/lifeofsankar/arm_ws/install/dual_arm_description/share/dual_arm_description/config/ur16e/visual_parameters.yaml
[1.753s] -- Installing: /home/lifeofsankar/arm_ws/install/dual_arm_description/share/dual_arm_description/config/ur16e/joint_limits.yaml
[1.753s] -- Installing: /home/lifeofsankar/arm_ws/install/dual_arm_description/share/dual_arm_description/config/ur16e/default_kinematics.yaml
[1.754s] -- Installing: /home/lifeofsankar/arm_ws/install/dual_arm_description/share/dual_arm_description/config/ur10e
[1.755s] -- Installing: /home/lifeofsankar/arm_ws/install/dual_arm_description/share/dual_arm_description/config/ur10e/physical_parameters.yaml
[1.755s] -- Installing: /home/lifeofsankar/arm_ws/install/dual_arm_description/share/dual_arm_description/config/ur10e/visual_parameters.yaml
[1.756s] -- Installing: /home/lifeofsankar/arm_ws/install/dual_arm_description/share/dual_arm_description/config/ur10e/joint_limits.yaml
[1.756s] -- Installing: /home/lifeofsankar/arm_ws/install/dual_arm_description/share/dual_arm_description/config/ur10e/default_kinematics.yaml
[1.756s] -- Installing: /home/lifeofsankar/arm_ws/install/dual_arm_description/share/dual_arm_description/config/ur3e
[1.756s] -- Installing: /home/lifeofsankar/arm_ws/install/dual_arm_description/share/dual_arm_description/config/ur3e/physical_parameters.yaml
[1.756s] -- Installing: /home/lifeofsankar/arm_ws/install/dual_arm_description/share/dual_arm_description/config/ur3e/visual_parameters.yaml
[1.757s] -- Installing: /home/lifeofsankar/arm_ws/install/dual_arm_description/share/dual_arm_description/config/ur3e/joint_limits.yaml
[1.757s] -- Installing: /home/lifeofsankar/arm_ws/install/dual_arm_description/share/dual_arm_description/config/ur3e/default_kinematics.yaml
[1.757s] -- Installing: /home/lifeofsankar/arm_ws/install/dual_arm_description/share/dual_arm_description/config/ur5e
[1.757s] -- Installing: /home/lifeofsankar/arm_ws/install/dual_arm_description/share/dual_arm_description/config/ur5e/physical_parameters.yaml
[1.757s] -- Installing: /home/lifeofsankar/arm_ws/install/dual_arm_description/share/dual_arm_description/config/ur5e/visual_parameters.yaml
[1.757s] -- Installing: /home/lifeofsankar/arm_ws/install/dual_arm_description/share/dual_arm_description/config/ur5e/joint_limits.yaml
[1.758s] -- Installing: /home/lifeofsankar/arm_ws/install/dual_arm_description/share/dual_arm_description/config/ur5e/default_kinematics.yaml
[1.759s] -- Installing: /home/lifeofsankar/arm_ws/install/dual_arm_description/share/dual_arm_description/config/initial_positions.yaml
[1.759s] -- Installing: /home/lifeofsankar/arm_ws/install/dual_arm_description/share/dual_arm_description/config/ur8long
[1.759s] -- Installing: /home/lifeofsankar/arm_ws/install/dual_arm_description/share/dual_arm_description/config/ur8long/physical_parameters.yaml
[1.760s] -- Installing: /home/lifeofsankar/arm_ws/install/dual_arm_description/share/dual_arm_description/config/ur8long/visual_parameters.yaml
[1.760s] -- Installing: /home/lifeofsankar/arm_ws/install/dual_arm_description/share/dual_arm_description/config/ur8long/joint_limits.yaml
[1.760s] -- Installing: /home/lifeofsankar/arm_ws/install/dual_arm_description/share/dual_arm_description/config/ur8long/default_kinematics.yaml
[1.760s] -- Installing: /home/lifeofsankar/arm_ws/install/dual_arm_description/share/dual_arm_description/config/ur20
[1.760s] -- Installing: /home/lifeofsankar/arm_ws/install/dual_arm_description/share/dual_arm_description/config/ur20/physical_parameters.yaml
[1.761s] -- Installing: /home/lifeofsankar/arm_ws/install/dual_arm_description/share/dual_arm_description/config/ur20/visual_parameters.yaml
[1.761s] -- Installing: /home/lifeofsankar/arm_ws/install/dual_arm_description/share/dual_arm_description/config/ur20/joint_limits.yaml
[1.761s] -- Installing: /home/lifeofsankar/arm_ws/install/dual_arm_description/share/dual_arm_description/config/ur20/default_kinematics.yaml
[1.761s] -- Installing: /home/lifeofsankar/arm_ws/install/dual_arm_description/share/dual_arm_description/config/ur3
[1.761s] -- Installing: /home/lifeofsankar/arm_ws/install/dual_arm_description/share/dual_arm_description/config/ur3/physical_parameters.yaml
[1.762s] -- Installing: /home/lifeofsankar/arm_ws/install/dual_arm_description/share/dual_arm_description/config/ur3/visual_parameters.yaml
[1.763s] -- Installing: /home/lifeofsankar/arm_ws/install/dual_arm_description/share/dual_arm_description/config/ur3/joint_limits.yaml
[1.763s] -- Installing: /home/lifeofsankar/arm_ws/install/dual_arm_description/share/dual_arm_description/config/ur3/default_kinematics.yaml
[1.763s] -- Installing: /home/lifeofsankar/arm_ws/install/dual_arm_description/share/dual_arm_description/config/ur10
[1.764s] -- Installing: /home/lifeofsankar/arm_ws/install/dual_arm_description/share/dual_arm_description/config/ur10/physical_parameters.yaml
[1.764s] -- Installing: /home/lifeofsankar/arm_ws/install/dual_arm_description/share/dual_arm_description/config/ur10/visual_parameters.yaml
[1.764s] -- Installing: /home/lifeofsankar/arm_ws/install/dual_arm_description/share/dual_arm_description/config/ur10/joint_limits.yaml
[1.764s] -- Installing: /home/lifeofsankar/arm_ws/install/dual_arm_description/share/dual_arm_description/config/ur10/default_kinematics.yaml
[1.764s] -- Installing: /home/lifeofsankar/arm_ws/install/dual_arm_description/share/dual_arm_description/config/ur7e
[1.764s] -- Installing: /home/lifeofsankar/arm_ws/install/dual_arm_description/share/dual_arm_description/config/ur7e/physical_parameters.yaml
[1.765s] -- Installing: /home/lifeofsankar/arm_ws/install/dual_arm_description/share/dual_arm_description/config/ur7e/visual_parameters.yaml
[1.765s] -- Installing: /home/lifeofsankar/arm_ws/install/dual_arm_description/share/dual_arm_description/config/ur7e/joint_limits.yaml
[1.765s] -- Installing: /home/lifeofsankar/arm_ws/install/dual_arm_description/share/dual_arm_description/config/ur7e/default_kinematics.yaml
[1.765s] -- Installing: /home/lifeofsankar/arm_ws/install/dual_arm_description/share/dual_arm_description/config/ur30
[1.765s] -- Installing: /home/lifeofsankar/arm_ws/install/dual_arm_description/share/dual_arm_description/config/ur30/physical_parameters.yaml
[1.766s] -- Installing: /home/lifeofsankar/arm_ws/install/dual_arm_description/share/dual_arm_description/config/ur30/visual_parameters.yaml
[1.766s] -- Installing: /home/lifeofsankar/arm_ws/install/dual_arm_description/share/dual_arm_description/config/ur30/joint_limits.yaml
[1.766s] -- Installing: /home/lifeofsankar/arm_ws/install/dual_arm_description/share/dual_arm_description/config/ur30/default_kinematics.yaml
[1.766s] -- Installing: /home/lifeofsankar/arm_ws/install/dual_arm_description/share/dual_arm_description/config/ur15
[1.766s] -- Installing: /home/lifeofsankar/arm_ws/install/dual_arm_description/share/dual_arm_description/config/ur15/physical_parameters.yaml
[1.766s] -- Installing: /home/lifeofsankar/arm_ws/install/dual_arm_description/share/dual_arm_description/config/ur15/visual_parameters.yaml
[1.766s] -- Installing: /home/lifeofsankar/arm_ws/install/dual_arm_description/share/dual_arm_description/config/ur15/joint_limits.yaml
[1.767s] -- Installing: /home/lifeofsankar/arm_ws/install/dual_arm_description/share/dual_arm_description/config/ur15/default_kinematics.yaml
[1.767s] -- Installing: /home/lifeofsankar/arm_ws/install/dual_arm_description/share/dual_arm_description/launch
[1.767s] -- Installing: /home/lifeofsankar/arm_ws/install/dual_arm_description/share/dual_arm_description/launch/dual_arm.launch.py
[1.768s] -- Installing: /home/lifeofsankar/arm_ws/install/dual_arm_description/share/dual_arm_description/rviz
[1.768s] -- Installing: /home/lifeofsankar/arm_ws/install/dual_arm_description/share/dual_arm_description/rviz/view_robot.rviz
[1.768s] -- Installing: /home/lifeofsankar/arm_ws/install/dual_arm_description/share/dual_arm_description/urdf
[1.768s] -- Installing: /home/lifeofsankar/arm_ws/install/dual_arm_description/share/dual_arm_description/urdf/ur5e.xacro
[1.768s] -- Installing: /home/lifeofsankar/arm_ws/install/dual_arm_description/share/dual_arm_description/urdf/inc
[1.768s] -- Installing: /home/lifeofsankar/arm_ws/install/dual_arm_description/share/dual_arm_description/urdf/inc/ur_sensors.xacro
[1.768s] -- Installing: /home/lifeofsankar/arm_ws/install/dual_arm_description/share/dual_arm_description/urdf/inc/ur_transmissions.xacro
[1.768s] -- Installing: /home/lifeofsankar/arm_ws/install/dual_arm_description/share/dual_arm_description/urdf/inc/ur_common.xacro
[1.768s] -- Installing: /home/lifeofsankar/arm_ws/install/dual_arm_description/share/dual_arm_description/urdf/inc/ur_joint_control.xacro
[1.769s] -- Installing: /home/lifeofsankar/arm_ws/install/dual_arm_description/share/dual_arm_description/urdf/ur_mocked.urdf.xacro
[1.769s] -- Installing: /home/lifeofsankar/arm_ws/install/dual_arm_description/share/dual_arm_description/urdf/ros2_control_mock_hardware.xacro
[1.769s] -- Installing: /home/lifeofsankar/arm_ws/install/dual_arm_description/share/dual_arm_description/urdf/dual_arm_static.urdf
[1.769s] -- Installing: /home/lifeofsankar/arm_ws/install/dual_arm_description/share/dual_arm_description/urdf/test.urdf
[1.769s] -- Installing: /home/lifeofsankar/arm_ws/install/dual_arm_description/share/dual_arm_description/urdf/ur.urdf.xacro
[1.769s] -- Installing: /home/lifeofsankar/arm_ws/install/dual_arm_description/share/dual_arm_description/urdf/ur_macro.xacro
[1.769s] -- Installing: /home/lifeofsankar/arm_ws/install/dual_arm_description/share/dual_arm_description/meshes
[1.769s] -- Installing: /home/lifeofsankar/arm_ws/install/dual_arm_description/share/dual_arm_description/meshes/ur5
[1.769s] -- Installing: /home/lifeofsankar/arm_ws/install/dual_arm_description/share/dual_arm_description/meshes/ur5/collision
[1.769s] -- Installing: /home/lifeofsankar/arm_ws/install/dual_arm_description/share/dual_arm_description/meshes/ur5/collision/wrist1.stl
[1.769s] -- Installing: /home/lifeofsankar/arm_ws/install/dual_arm_description/share/dual_arm_description/meshes/ur5/collision/forearm.stl
[1.770s] -- Installing: /home/lifeofsankar/arm_ws/install/dual_arm_description/share/dual_arm_description/meshes/ur5/collision/wrist3.stl
[1.770s] -- Installing: /home/lifeofsankar/arm_ws/install/dual_arm_description/share/dual_arm_description/meshes/ur5/collision/base.stl
[1.770s] -- Installing: /home/lifeofsankar/arm_ws/install/dual_arm_description/share/dual_arm_description/meshes/ur5/collision/wrist2.stl
[1.770s] -- Installing: /home/lifeofsankar/arm_ws/install/dual_arm_description/share/dual_arm_description/meshes/ur5/collision/upperarm.stl
[1.770s] -- Installing: /home/lifeofsankar/arm_ws/install/dual_arm_description/share/dual_arm_description/meshes/ur5/collision/shoulder.stl
[1.770s] -- Installing: /home/lifeofsankar/arm_ws/install/dual_arm_description/share/dual_arm_description/meshes/ur5/visual
[1.770s] -- Installing: /home/lifeofsankar/arm_ws/install/dual_arm_description/share/dual_arm_description/meshes/ur5/visual/upperarm.dae
[1.771s] -- Installing: /home/lifeofsankar/arm_ws/install/dual_arm_description/share/dual_arm_description/meshes/ur5/visual/shoulder.dae
[1.771s] -- Installing: /home/lifeofsankar/arm_ws/install/dual_arm_description/share/dual_arm_description/meshes/ur5/visual/wrist3.dae
[1.771s] -- Installing: /home/lifeofsankar/arm_ws/install/dual_arm_description/share/dual_arm_description/meshes/ur5/visual/wrist1.dae
[1.771s] -- Installing: /home/lifeofsankar/arm_ws/install/dual_arm_description/share/dual_arm_description/meshes/ur5/visual/base.dae
[1.771s] -- Installing: /home/lifeofsankar/arm_ws/install/dual_arm_description/share/dual_arm_description/meshes/ur5/visual/forearm.dae
[1.771s] -- Installing: /home/lifeofsankar/arm_ws/install/dual_arm_description/share/dual_arm_description/meshes/ur5/visual/wrist2.dae
[1.771s] -- Installing: /home/lifeofsankar/arm_ws/install/dual_arm_description/share/dual_arm_description/meshes/ur18
[1.771s] -- Installing: /home/lifeofsankar/arm_ws/install/dual_arm_description/share/dual_arm_description/meshes/ur18/collision
[1.772s] -- Installing: /home/lifeofsankar/arm_ws/install/dual_arm_description/share/dual_arm_description/meshes/ur18/collision/forearm.stl
[1.772s] -- Installing: /home/lifeofsankar/arm_ws/install/dual_arm_description/share/dual_arm_description/meshes/ur18/collision/upperarm.stl
[1.772s] -- Installing: /home/lifeofsankar/arm_ws/install/dual_arm_description/share/dual_arm_description/meshes/ur18/visual
[1.772s] -- Installing: /home/lifeofsankar/arm_ws/install/dual_arm_description/share/dual_arm_description/meshes/ur18/visual/upperarm.dae
[1.772s] -- Installing: /home/lifeofsankar/arm_ws/install/dual_arm_description/share/dual_arm_description/meshes/ur18/visual/UR18_DIFF_8bit_2K.jpg
[1.772s] -- Installing: /home/lifeofsankar/arm_ws/install/dual_arm_description/share/dual_arm_description/meshes/ur18/visual/forearm.dae
[1.772s] -- Installing: /home/lifeofsankar/arm_ws/install/dual_arm_description/share/dual_arm_description/meshes/ur18/LICENSE.txt
[1.772s] -- Installing: /home/lifeofsankar/arm_ws/install/dual_arm_description/share/dual_arm_description/meshes/ur16e
[1.772s] -- Installing: /home/lifeofsankar/arm_ws/install/dual_arm_description/share/dual_arm_description/meshes/ur16e/collision
[1.772s] -- Installing: /home/lifeofsankar/arm_ws/install/dual_arm_description/share/dual_arm_description/meshes/ur16e/collision/forearm.stl
[1.772s] -- Installing: /home/lifeofsankar/arm_ws/install/dual_arm_description/share/dual_arm_description/meshes/ur16e/collision/upperarm.stl
[1.772s] -- Installing: /home/lifeofsankar/arm_ws/install/dual_arm_description/share/dual_arm_description/meshes/ur16e/visual
[1.772s] -- Installing: /home/lifeofsankar/arm_ws/install/dual_arm_description/share/dual_arm_description/meshes/ur16e/visual/upperarm.dae
[1.773s] -- Installing: /home/lifeofsankar/arm_ws/install/dual_arm_description/share/dual_arm_description/meshes/ur16e/visual/forearm.dae
[1.773s] -- Installing: /home/lifeofsankar/arm_ws/install/dual_arm_description/share/dual_arm_description/meshes/ur10e
[1.773s] -- Installing: /home/lifeofsankar/arm_ws/install/dual_arm_description/share/dual_arm_description/meshes/ur10e/collision
[1.773s] -- Installing: /home/lifeofsankar/arm_ws/install/dual_arm_description/share/dual_arm_description/meshes/ur10e/collision/wrist1.stl
[1.773s] -- Installing: /home/lifeofsankar/arm_ws/install/dual_arm_description/share/dual_arm_description/meshes/ur10e/collision/forearm.stl
[1.773s] -- Installing: /home/lifeofsankar/arm_ws/install/dual_arm_description/share/dual_arm_description/meshes/ur10e/collision/wrist3.stl
[1.774s] -- Installing: /home/lifeofsankar/arm_ws/install/dual_arm_description/share/dual_arm_description/meshes/ur10e/collision/base.stl
[1.774s] -- Installing: /home/lifeofsankar/arm_ws/install/dual_arm_description/share/dual_arm_description/meshes/ur10e/collision/wrist2.stl
[1.774s] -- Installing: /home/lifeofsankar/arm_ws/install/dual_arm_description/share/dual_arm_description/meshes/ur10e/collision/upperarm.stl
[1.774s] -- Installing: /home/lifeofsankar/arm_ws/install/dual_arm_description/share/dual_arm_description/meshes/ur10e/collision/shoulder.stl
[1.774s] -- Installing: /home/lifeofsankar/arm_ws/install/dual_arm_description/share/dual_arm_description/meshes/ur10e/visual
[1.775s] -- Installing: /home/lifeofsankar/arm_ws/install/dual_arm_description/share/dual_arm_description/meshes/ur10e/visual/upperarm.dae
[1.775s] -- Installing: /home/lifeofsankar/arm_ws/install/dual_arm_description/share/dual_arm_description/meshes/ur10e/visual/shoulder.dae
[1.775s] -- Installing: /home/lifeofsankar/arm_ws/install/dual_arm_description/share/dual_arm_description/meshes/ur10e/visual/wrist3.dae
[1.775s] -- Installing: /home/lifeofsankar/arm_ws/install/dual_arm_description/share/dual_arm_description/meshes/ur10e/visual/wrist1.dae
[1.775s] -- Installing: /home/lifeofsankar/arm_ws/install/dual_arm_description/share/dual_arm_description/meshes/ur10e/visual/base.dae
[1.775s] -- Installing: /home/lifeofsankar/arm_ws/install/dual_arm_description/share/dual_arm_description/meshes/ur10e/visual/forearm.dae
[1.776s] -- Installing: /home/lifeofsankar/arm_ws/install/dual_arm_description/share/dual_arm_description/meshes/ur10e/visual/wrist2.dae
[1.776s] -- Installing: /home/lifeofsankar/arm_ws/install/dual_arm_description/share/dual_arm_description/meshes/ur3e
[1.781s] -- Installing: /home/lifeofsankar/arm_ws/install/dual_arm_description/share/dual_arm_description/meshes/ur3e/collision
[1.781s] -- Installing: /home/lifeofsankar/arm_ws/install/dual_arm_description/share/dual_arm_description/meshes/ur3e/collision/wrist1.stl
[1.781s] -- Installing: /home/lifeofsankar/arm_ws/install/dual_arm_description/share/dual_arm_description/meshes/ur3e/collision/forearm.stl
[1.782s] -- Installing: /home/lifeofsankar/arm_ws/install/dual_arm_description/share/dual_arm_description/meshes/ur3e/collision/wrist3.stl
[1.782s] -- Installing: /home/lifeofsankar/arm_ws/install/dual_arm_description/share/dual_arm_description/meshes/ur3e/collision/base.stl
[1.782s] -- Installing: /home/lifeofsankar/arm_ws/install/dual_arm_description/share/dual_arm_description/meshes/ur3e/collision/wrist2.stl
[1.782s] -- Installing: /home/lifeofsankar/arm_ws/install/dual_arm_description/share/dual_arm_description/meshes/ur3e/collision/upperarm.stl
[1.782s] -- Installing: /home/lifeofsankar/arm_ws/install/dual_arm_description/share/dual_arm_description/meshes/ur3e/collision/shoulder.stl
[1.782s] -- Installing: /home/lifeofsankar/arm_ws/install/dual_arm_description/share/dual_arm_description/meshes/ur3e/visual
[1.783s] -- Installing: /home/lifeofsankar/arm_ws/install/dual_arm_description/share/dual_arm_description/meshes/ur3e/visual/upperarm.dae
[1.785s] -- Installing: /home/lifeofsankar/arm_ws/install/dual_arm_description/share/dual_arm_description/meshes/ur3e/visual/shoulder.dae
[1.786s] -- Installing: /home/lifeofsankar/arm_ws/install/dual_arm_description/share/dual_arm_description/meshes/ur3e/visual/wrist3.dae
[1.786s] -- Installing: /home/lifeofsankar/arm_ws/install/dual_arm_description/share/dual_arm_description/meshes/ur3e/visual/wrist1.dae
[1.788s] -- Installing: /home/lifeofsankar/arm_ws/install/dual_arm_description/share/dual_arm_description/meshes/ur3e/visual/base.dae
[1.788s] -- Installing: /home/lifeofsankar/arm_ws/install/dual_arm_description/share/dual_arm_description/meshes/ur3e/visual/forearm.dae
[1.791s] -- Installing: /home/lifeofsankar/arm_ws/install/dual_arm_description/share/dual_arm_description/meshes/ur3e/visual/wrist2.dae
[1.791s] -- Installing: /home/lifeofsankar/arm_ws/install/dual_arm_description/share/dual_arm_description/meshes/ur5e
[1.794s] -- Installing: /home/lifeofsankar/arm_ws/install/dual_arm_description/share/dual_arm_description/meshes/ur5e/collision
[1.794s] -- Installing: /home/lifeofsankar/arm_ws/install/dual_arm_description/share/dual_arm_description/meshes/ur5e/collision/wrist1.stl
[1.794s] -- Installing: /home/lifeofsankar/arm_ws/install/dual_arm_description/share/dual_arm_description/meshes/ur5e/collision/forearm.stl
[1.794s] -- Installing: /home/lifeofsankar/arm_ws/install/dual_arm_description/share/dual_arm_description/meshes/ur5e/collision/wrist3.stl
[1.795s] -- Installing: /home/lifeofsankar/arm_ws/install/dual_arm_description/share/dual_arm_description/meshes/ur5e/collision/base.stl
[1.795s] -- Installing: /home/lifeofsankar/arm_ws/install/dual_arm_description/share/dual_arm_description/meshes/ur5e/collision/wrist2.stl
[1.795s] -- Installing: /home/lifeofsankar/arm_ws/install/dual_arm_description/share/dual_arm_description/meshes/ur5e/collision/upperarm.stl
[1.795s] -- Installing: /home/lifeofsankar/arm_ws/install/dual_arm_description/share/dual_arm_description/meshes/ur5e/collision/shoulder.stl
[1.796s] -- Installing: /home/lifeofsankar/arm_ws/install/dual_arm_description/share/dual_arm_description/meshes/ur5e/visual
[1.796s] -- Installing: /home/lifeofsankar/arm_ws/install/dual_arm_description/share/dual_arm_description/meshes/ur5e/visual/upperarm.dae
[1.796s] -- Installing: /home/lifeofsankar/arm_ws/install/dual_arm_description/share/dual_arm_description/meshes/ur5e/visual/shoulder.dae
[1.797s] -- Installing: /home/lifeofsankar/arm_ws/install/dual_arm_description/share/dual_arm_description/meshes/ur5e/visual/wrist3.dae
[1.798s] -- Installing: /home/lifeofsankar/arm_ws/install/dual_arm_description/share/dual_arm_description/meshes/ur5e/visual/wrist1.dae
[1.799s] -- Installing: /home/lifeofsankar/arm_ws/install/dual_arm_description/share/dual_arm_description/meshes/ur5e/visual/base.dae
[1.801s] -- Installing: /home/lifeofsankar/arm_ws/install/dual_arm_description/share/dual_arm_description/meshes/ur5e/visual/forearm.dae
[1.801s] -- Installing: /home/lifeofsankar/arm_ws/install/dual_arm_description/share/dual_arm_description/meshes/ur5e/visual/wrist2.dae
[1.805s] -- Installing: /home/lifeofsankar/arm_ws/install/dual_arm_description/share/dual_arm_description/meshes/ur8long
[1.805s] -- Installing: /home/lifeofsankar/arm_ws/install/dual_arm_description/share/dual_arm_description/meshes/ur8long/collision
[1.805s] -- Installing: /home/lifeofsankar/arm_ws/install/dual_arm_description/share/dual_arm_description/meshes/ur8long/collision/forearm.stl
[1.806s] -- Installing: /home/lifeofsankar/arm_ws/install/dual_arm_description/share/dual_arm_description/meshes/ur8long/collision/upperarm.stl
[1.806s] -- Installing: /home/lifeofsankar/arm_ws/install/dual_arm_description/share/dual_arm_description/meshes/ur8long/visual
[1.806s] -- Installing: /home/lifeofsankar/arm_ws/install/dual_arm_description/share/dual_arm_description/meshes/ur8long/visual/UR8Long_DIFF_8bit_2K.jpg
[1.806s] -- Installing: /home/lifeofsankar/arm_ws/install/dual_arm_description/share/dual_arm_description/meshes/ur8long/visual/upperarm.dae
[1.807s] -- Installing: /home/lifeofsankar/arm_ws/install/dual_arm_description/share/dual_arm_description/meshes/ur8long/visual/forearm.dae
[1.807s] -- Installing: /home/lifeofsankar/arm_ws/install/dual_arm_description/share/dual_arm_description/meshes/ur8long/LICENSE.txt
[1.807s] -- Installing: /home/lifeofsankar/arm_ws/install/dual_arm_description/share/dual_arm_description/meshes/ur20
[1.807s] -- Installing: /home/lifeofsankar/arm_ws/install/dual_arm_description/share/dual_arm_description/meshes/ur20/collision
[1.808s] -- Installing: /home/lifeofsankar/arm_ws/install/dual_arm_description/share/dual_arm_description/meshes/ur20/collision/wrist1.stl
[1.808s] -- Installing: /home/lifeofsankar/arm_ws/install/dual_arm_description/share/dual_arm_description/meshes/ur20/collision/forearm.stl
[1.808s] -- Installing: /home/lifeofsankar/arm_ws/install/dual_arm_description/share/dual_arm_description/meshes/ur20/collision/wrist3.stl
[1.808s] -- Installing: /home/lifeofsankar/arm_ws/install/dual_arm_description/share/dual_arm_description/meshes/ur20/collision/base.stl
[1.808s] -- Installing: /home/lifeofsankar/arm_ws/install/dual_arm_description/share/dual_arm_description/meshes/ur20/collision/wrist2.stl
[1.809s] -- Installing: /home/lifeofsankar/arm_ws/install/dual_arm_description/share/dual_arm_description/meshes/ur20/collision/upperarm.stl
[1.809s] -- Installing: /home/lifeofsankar/arm_ws/install/dual_arm_description/share/dual_arm_description/meshes/ur20/collision/shoulder.stl
[1.809s] -- Installing: /home/lifeofsankar/arm_ws/install/dual_arm_description/share/dual_arm_description/meshes/ur20/visual
[1.809s] -- Installing: /home/lifeofsankar/arm_ws/install/dual_arm_description/share/dual_arm_description/meshes/ur20/visual/upperarm.dae
[1.809s] -- Installing: /home/lifeofsankar/arm_ws/install/dual_arm_description/share/dual_arm_description/meshes/ur20/visual/shoulder.dae
[1.810s] -- Installing: /home/lifeofsankar/arm_ws/install/dual_arm_description/share/dual_arm_description/meshes/ur20/visual/wrist3.dae
[1.810s] -- Installing: /home/lifeofsankar/arm_ws/install/dual_arm_description/share/dual_arm_description/meshes/ur20/visual/wrist1.dae
[1.810s] -- Installing: /home/lifeofsankar/arm_ws/install/dual_arm_description/share/dual_arm_description/meshes/ur20/visual/base.dae
[1.810s] -- Installing: /home/lifeofsankar/arm_ws/install/dual_arm_description/share/dual_arm_description/meshes/ur20/visual/UR20_DIFF_8bit_2K.png
[1.814s] -- Installing: /home/lifeofsankar/arm_ws/install/dual_arm_description/share/dual_arm_description/meshes/ur20/visual/forearm.dae
[1.815s] -- Installing: /home/lifeofsankar/arm_ws/install/dual_arm_description/share/dual_arm_description/meshes/ur20/visual/wrist2.dae
[1.815s] -- Installing: /home/lifeofsankar/arm_ws/install/dual_arm_description/share/dual_arm_description/meshes/ur20/LICENSE.txt
[1.815s] -- Installing: /home/lifeofsankar/arm_ws/install/dual_arm_description/share/dual_arm_description/meshes/ur3
[1.816s] -- Installing: /home/lifeofsankar/arm_ws/install/dual_arm_description/share/dual_arm_description/meshes/ur3/collision
[1.816s] -- Installing: /home/lifeofsankar/arm_ws/install/dual_arm_description/share/dual_arm_description/meshes/ur3/collision/wrist1.stl
[1.816s] -- Installing: /home/lifeofsankar/arm_ws/install/dual_arm_description/share/dual_arm_description/meshes/ur3/collision/forearm.stl
[1.816s] -- Installing: /home/lifeofsankar/arm_ws/install/dual_arm_description/share/dual_arm_description/meshes/ur3/collision/wrist3.stl
[1.817s] -- Installing: /home/lifeofsankar/arm_ws/install/dual_arm_description/share/dual_arm_description/meshes/ur3/collision/base.stl
[1.817s] -- Installing: /home/lifeofsankar/arm_ws/install/dual_arm_description/share/dual_arm_description/meshes/ur3/collision/wrist2.stl
[1.817s] -- Installing: /home/lifeofsankar/arm_ws/install/dual_arm_description/share/dual_arm_description/meshes/ur3/collision/upperarm.stl
[1.818s] -- Installing: /home/lifeofsankar/arm_ws/install/dual_arm_description/share/dual_arm_description/meshes/ur3/collision/shoulder.stl
[1.818s] -- Installing: /home/lifeofsankar/arm_ws/install/dual_arm_description/share/dual_arm_description/meshes/ur3/visual
[1.819s] -- Installing: /home/lifeofsankar/arm_ws/install/dual_arm_description/share/dual_arm_description/meshes/ur3/visual/upperarm.dae
[1.820s] -- Installing: /home/lifeofsankar/arm_ws/install/dual_arm_description/share/dual_arm_description/meshes/ur3/visual/shoulder.dae
[1.843s] -- Installing: /home/lifeofsankar/arm_ws/install/dual_arm_description/share/dual_arm_description/meshes/ur3/visual/wrist3.dae
[1.844s] -- Installing: /home/lifeofsankar/arm_ws/install/dual_arm_description/share/dual_arm_description/meshes/ur3/visual/wrist1.dae
[1.845s] -- Installing: /home/lifeofsankar/arm_ws/install/dual_arm_description/share/dual_arm_description/meshes/ur3/visual/base.dae
[1.845s] -- Installing: /home/lifeofsankar/arm_ws/install/dual_arm_description/share/dual_arm_description/meshes/ur3/visual/forearm.dae
[1.845s] -- Installing: /home/lifeofsankar/arm_ws/install/dual_arm_description/share/dual_arm_description/meshes/ur3/visual/wrist2.dae
[1.845s] -- Installing: /home/lifeofsankar/arm_ws/install/dual_arm_description/share/dual_arm_description/meshes/ur10
[1.845s] -- Installing: /home/lifeofsankar/arm_ws/install/dual_arm_description/share/dual_arm_description/meshes/ur10/collision
[1.846s] -- Installing: /home/lifeofsankar/arm_ws/install/dual_arm_description/share/dual_arm_description/meshes/ur10/collision/wrist1.stl
[1.846s] -- Installing: /home/lifeofsankar/arm_ws/install/dual_arm_description/share/dual_arm_description/meshes/ur10/collision/forearm.stl
[1.847s] -- Installing: /home/lifeofsankar/arm_ws/install/dual_arm_description/share/dual_arm_description/meshes/ur10/collision/wrist3.stl
[1.847s] -- Installing: /home/lifeofsankar/arm_ws/install/dual_arm_description/share/dual_arm_description/meshes/ur10/collision/base.stl
[1.847s] -- Installing: /home/lifeofsankar/arm_ws/install/dual_arm_description/share/dual_arm_description/meshes/ur10/collision/wrist2.stl
[1.847s] -- Installing: /home/lifeofsankar/arm_ws/install/dual_arm_description/share/dual_arm_description/meshes/ur10/collision/upperarm.stl
[1.847s] -- Installing: /home/lifeofsankar/arm_ws/install/dual_arm_description/share/dual_arm_description/meshes/ur10/collision/shoulder.stl
[1.847s] -- Installing: /home/lifeofsankar/arm_ws/install/dual_arm_description/share/dual_arm_description/meshes/ur10/visual
[1.848s] -- Installing: /home/lifeofsankar/arm_ws/install/dual_arm_description/share/dual_arm_description/meshes/ur10/visual/upperarm.dae
[1.848s] -- Installing: /home/lifeofsankar/arm_ws/install/dual_arm_description/share/dual_arm_description/meshes/ur10/visual/shoulder.dae
[1.848s] -- Installing: /home/lifeofsankar/arm_ws/install/dual_arm_description/share/dual_arm_description/meshes/ur10/visual/wrist3.dae
[1.848s] -- Installing: /home/lifeofsankar/arm_ws/install/dual_arm_description/share/dual_arm_description/meshes/ur10/visual/wrist1.dae
[1.848s] -- Installing: /home/lifeofsankar/arm_ws/install/dual_arm_description/share/dual_arm_description/meshes/ur10/visual/base.dae
[1.848s] -- Installing: /home/lifeofsankar/arm_ws/install/dual_arm_description/share/dual_arm_description/meshes/ur10/visual/forearm.dae
[1.849s] -- Installing: /home/lifeofsankar/arm_ws/install/dual_arm_description/share/dual_arm_description/meshes/ur10/visual/wrist2.dae
[1.849s] -- Installing: /home/lifeofsankar/arm_ws/install/dual_arm_description/share/dual_arm_description/meshes/ur30
[1.849s] -- Installing: /home/lifeofsankar/arm_ws/install/dual_arm_description/share/dual_arm_description/meshes/ur30/collision
[1.849s] -- Installing: /home/lifeofsankar/arm_ws/install/dual_arm_description/share/dual_arm_description/meshes/ur30/collision/forearm.stl
[1.849s] -- Installing: /home/lifeofsankar/arm_ws/install/dual_arm_description/share/dual_arm_description/meshes/ur30/collision/upperarm.stl
[1.849s] -- Installing: /home/lifeofsankar/arm_ws/install/dual_arm_description/share/dual_arm_description/meshes/ur30/visual
[1.850s] -- Installing: /home/lifeofsankar/arm_ws/install/dual_arm_description/share/dual_arm_description/meshes/ur30/visual/UR30_DIFF_8bit_2K.png
[1.850s] -- Installing: /home/lifeofsankar/arm_ws/install/dual_arm_description/share/dual_arm_description/meshes/ur30/visual/upperarm.dae
[1.850s] -- Installing: /home/lifeofsankar/arm_ws/install/dual_arm_description/share/dual_arm_description/meshes/ur30/visual/forearm.dae
[1.850s] -- Installing: /home/lifeofsankar/arm_ws/install/dual_arm_description/share/dual_arm_description/meshes/ur30/LICENSE.txt
[1.850s] -- Installing: /home/lifeofsankar/arm_ws/install/dual_arm_description/share/dual_arm_description/meshes/ur15
[1.850s] -- Installing: /home/lifeofsankar/arm_ws/install/dual_arm_description/share/dual_arm_description/meshes/ur15/collision
[1.851s] -- Installing: /home/lifeofsankar/arm_ws/install/dual_arm_description/share/dual_arm_description/meshes/ur15/collision/wrist1.stl
[1.851s] -- Installing: /home/lifeofsankar/arm_ws/install/dual_arm_description/share/dual_arm_description/meshes/ur15/collision/forearm.stl
[1.851s] -- Installing: /home/lifeofsankar/arm_ws/install/dual_arm_description/share/dual_arm_description/meshes/ur15/collision/wrist3.stl
[1.851s] -- Installing: /home/lifeofsankar/arm_ws/install/dual_arm_description/share/dual_arm_description/meshes/ur15/collision/base.stl
[1.851s] -- Installing: /home/lifeofsankar/arm_ws/install/dual_arm_description/share/dual_arm_description/meshes/ur15/collision/wrist2.stl
[1.852s] -- Installing: /home/lifeofsankar/arm_ws/install/dual_arm_description/share/dual_arm_description/meshes/ur15/collision/upperarm.stl
[1.852s] -- Installing: /home/lifeofsankar/arm_ws/install/dual_arm_description/share/dual_arm_description/meshes/ur15/collision/shoulder.stl
[1.852s] -- Installing: /home/lifeofsankar/arm_ws/install/dual_arm_description/share/dual_arm_description/meshes/ur15/visual
[1.852s] -- Installing: /home/lifeofsankar/arm_ws/install/dual_arm_description/share/dual_arm_description/meshes/ur15/visual/upperarm.dae
[1.852s] -- Installing: /home/lifeofsankar/arm_ws/install/dual_arm_description/share/dual_arm_description/meshes/ur15/visual/shoulder.dae
[1.852s] -- Installing: /home/lifeofsankar/arm_ws/install/dual_arm_description/share/dual_arm_description/meshes/ur15/visual/UR15_DIFF_8bit_2K.jpg
[1.855s] -- Installing: /home/lifeofsankar/arm_ws/install/dual_arm_description/share/dual_arm_description/meshes/ur15/visual/wrist3.dae
[1.855s] -- Installing: /home/lifeofsankar/arm_ws/install/dual_arm_description/share/dual_arm_description/meshes/ur15/visual/wrist1.dae
[1.856s] -- Installing: /home/lifeofsankar/arm_ws/install/dual_arm_description/share/dual_arm_description/meshes/ur15/visual/base.dae
[1.856s] -- Installing: /home/lifeofsankar/arm_ws/install/dual_arm_description/share/dual_arm_description/meshes/ur15/visual/forearm.dae
[1.856s] -- Installing: /home/lifeofsankar/arm_ws/install/dual_arm_description/share/dual_arm_description/meshes/ur15/visual/wrist2.dae
[1.856s] -- Installing: /home/lifeofsankar/arm_ws/install/dual_arm_description/share/dual_arm_description/meshes/ur15/LICENSE.txt
[1.856s] -- Installing: /home/lifeofsankar/arm_ws/install/dual_arm_description/share/ament_index/resource_index/package_run_dependencies/dual_arm_description
[1.856s] -- Installing: /home/lifeofsankar/arm_ws/install/dual_arm_description/share/ament_index/resource_index/parent_prefix_path/dual_arm_description
[1.857s] -- Installing: /home/lifeofsankar/arm_ws/install/dual_arm_description/share/dual_arm_description/environment/ament_prefix_path.sh
[1.857s] -- Installing: /home/lifeofsankar/arm_ws/install/dual_arm_description/share/dual_arm_description/environment/ament_prefix_path.dsv
[1.860s] -- Installing: /home/lifeofsankar/arm_ws/install/dual_arm_description/share/dual_arm_description/environment/path.sh
[1.861s] -- Installing: /home/lifeofsankar/arm_ws/install/dual_arm_description/share/dual_arm_description/environment/path.dsv
[1.861s] -- Installing: /home/lifeofsankar/arm_ws/install/dual_arm_description/share/dual_arm_description/local_setup.bash
[1.861s] -- Installing: /home/lifeofsankar/arm_ws/install/dual_arm_description/share/dual_arm_description/local_setup.sh
[1.861s] -- Installing: /home/lifeofsankar/arm_ws/install/dual_arm_description/share/dual_arm_description/local_setup.zsh
[1.861s] -- Installing: /home/lifeofsankar/arm_ws/install/dual_arm_description/share/dual_arm_description/local_setup.dsv
[1.861s] -- Installing: /home/lifeofsankar/arm_ws/install/dual_arm_description/share/dual_arm_description/package.dsv
[1.861s] -- Installing: /home/lifeofsankar/arm_ws/install/dual_arm_description/share/ament_index/resource_index/packages/dual_arm_description
[1.862s] -- Installing: /home/lifeofsankar/arm_ws/install/dual_arm_description/share/dual_arm_description/cmake/dual_arm_descriptionConfig.cmake
[1.862s] -- Installing: /home/lifeofsankar/arm_ws/install/dual_arm_description/share/dual_arm_description/cmake/dual_arm_descriptionConfig-version.cmake
[1.862s] -- Installing: /home/lifeofsankar/arm_ws/install/dual_arm_description/share/dual_arm_description/package.xml
[1.862s] Invoked command in '/home/lifeofsankar/arm_ws/build/dual_arm_description' returned '0': CMAKE_PREFIX_PATH=${CMAKE_PREFIX_PATH}:/opt/ros/jazzy DEBUGINFOD_URLS=https://debuginfod.ubuntu.com /usr/bin/cmake --install /home/lifeofsankar/arm_ws/build/dual_arm_description
