[0.095s] DEBUG:colcon:Command line arguments: ['/usr/bin/colcon', 'build']
[0.095s] DEBUG:colcon:Parsed command line arguments: Namespace(log_base=None, log_level=None, verb_name='build', build_base='build', install_base='install', merge_install=False, symlink_install=False, test_result_base=None, continue_on_error=False, executor='parallel', parallel_workers=8, event_handlers=None, ignore_user_meta=False, metas=['./colcon.meta'], base_paths=['.'], packages_ignore=None, packages_ignore_regex=None, paths=None, packages_up_to=None, packages_up_to_regex=None, packages_above=None, packages_above_and_dependencies=None, packages_above_depth=None, packages_select_by_dep=None, packages_skip_by_dep=None, packages_skip_up_to=None, packages_select_build_failed=False, packages_skip_build_finished=False, packages_select_test_failures=False, packages_skip_test_passed=False, packages_select=None, packages_skip=None, packages_select_regex=None, packages_skip_regex=None, packages_start=None, packages_end=None, allow_overriding=[], cmake_args=None, cmake_target=None, cmake_target_skip_unavailable=False, cmake_clean_cache=False, cmake_clean_first=False, cmake_force_configure=False, ament_cmake_args=None, catkin_cmake_args=None, catkin_skip_building_tests=False, mixin_files=None, mixin=None, verb_parser=<colcon_mixin.mixin.mixin_argument.MixinArgumentDecorator object at 0x73de37ea8740>, verb_extension=<colcon_core.verb.build.BuildVerb object at 0x73de37fc0d40>, main=<bound method BuildVerb.main of <colcon_core.verb.build.BuildVerb object at 0x73de37fc0d40>>, mixin_verb=('build',))
[0.130s] Level 1:colcon.colcon_core.package_discovery:discover_packages(colcon_meta) check parameters
[0.130s] Level 1:colcon.colcon_core.package_discovery:discover_packages(recursive) check parameters
[0.130s] Level 1:colcon.colcon_core.package_discovery:discover_packages(ignore) check parameters
[0.130s] Level 1:colcon.colcon_core.package_discovery:discover_packages(path) check parameters
[0.130s] Level 1:colcon.colcon_core.package_discovery:discover_packages(colcon_meta) discover
[0.130s] Level 1:colcon.colcon_core.package_discovery:discover_packages(recursive) discover
[0.130s] INFO:colcon.colcon_core.package_discovery:Crawling recursively for packages in '/home/lifeofsankar/ros2_ws'
[0.130s] Level 1:colcon.colcon_core.package_identification:_identify(.) by extensions ['ignore', 'ignore_ament_install']
[0.130s] Level 1:colcon.colcon_core.package_identification:_identify(.) by extension 'ignore'
[0.130s] Level 1:colcon.colcon_core.package_identification:_identify(.) by extension 'ignore_ament_install'
[0.131s] Level 1:colcon.colcon_core.package_identification:_identify(.) by extensions ['colcon_pkg']
[0.131s] Level 1:colcon.colcon_core.package_identification:_identify(.) by extension 'colcon_pkg'
[0.131s] Level 1:colcon.colcon_core.package_identification:_identify(.) by extensions ['colcon_meta']
[0.131s] Level 1:colcon.colcon_core.package_identification:_identify(.) by extension 'colcon_meta'
[0.131s] Level 1:colcon.colcon_core.package_identification:_identify(.) by extensions ['ros']
[0.131s] Level 1:colcon.colcon_core.package_identification:_identify(.) by extension 'ros'
[0.153s] Level 1:colcon.colcon_core.package_identification:_identify(.) by extensions ['cmake', 'python']
[0.153s] Level 1:colcon.colcon_core.package_identification:_identify(.) by extension 'cmake'
[0.153s] Level 1:colcon.colcon_core.package_identification:_identify(.) by extension 'python'
[0.153s] Level 1:colcon.colcon_core.package_identification:_identify(.) by extensions ['python_setup_py']
[0.153s] Level 1:colcon.colcon_core.package_identification:_identify(.) by extension 'python_setup_py'
[0.154s] Level 1:colcon.colcon_core.package_identification:_identify(build) by extensions ['ignore', 'ignore_ament_install']
[0.154s] Level 1:colcon.colcon_core.package_identification:_identify(build) by extension 'ignore'
[0.154s] Level 1:colcon.colcon_core.package_identification:_identify(build) ignored
[0.154s] Level 1:colcon.colcon_core.package_identification:_identify(install) by extensions ['ignore', 'ignore_ament_install']
[0.154s] Level 1:colcon.colcon_core.package_identification:_identify(install) by extension 'ignore'
[0.154s] Level 1:colcon.colcon_core.package_identification:_identify(install) ignored
[0.154s] Level 1:colcon.colcon_core.package_identification:_identify(log) by extensions ['ignore', 'ignore_ament_install']
[0.154s] Level 1:colcon.colcon_core.package_identification:_identify(log) by extension 'ignore'
[0.154s] Level 1:colcon.colcon_core.package_identification:_identify(log) ignored
[0.154s] Level 1:colcon.colcon_core.package_identification:_identify(src) by extensions ['ignore', 'ignore_ament_install']
[0.154s] Level 1:colcon.colcon_core.package_identification:_identify(src) by extension 'ignore'
[0.154s] Level 1:colcon.colcon_core.package_identification:_identify(src) by extension 'ignore_ament_install'
[0.154s] Level 1:colcon.colcon_core.package_identification:_identify(src) by extensions ['colcon_pkg']
[0.154s] Level 1:colcon.colcon_core.package_identification:_identify(src) by extension 'colcon_pkg'
[0.154s] Level 1:colcon.colcon_core.package_identification:_identify(src) by extensions ['colcon_meta']
[0.154s] Level 1:colcon.colcon_core.package_identification:_identify(src) by extension 'colcon_meta'
[0.154s] Level 1:colcon.colcon_core.package_identification:_identify(src) by extensions ['ros']
[0.154s] Level 1:colcon.colcon_core.package_identification:_identify(src) by extension 'ros'
[0.154s] Level 1:colcon.colcon_core.package_identification:_identify(src) by extensions ['cmake', 'python']
[0.154s] Level 1:colcon.colcon_core.package_identification:_identify(src) by extension 'cmake'
[0.154s] Level 1:colcon.colcon_core.package_identification:_identify(src) by extension 'python'
[0.154s] Level 1:colcon.colcon_core.package_identification:_identify(src) by extensions ['python_setup_py']
[0.155s] Level 1:colcon.colcon_core.package_identification:_identify(src) by extension 'python_setup_py'
[0.155s] Level 1:colcon.colcon_core.package_identification:_identify(src/ur_description) by extensions ['ignore', 'ignore_ament_install']
[0.155s] Level 1:colcon.colcon_core.package_identification:_identify(src/ur_description) by extension 'ignore'
[0.155s] Level 1:colcon.colcon_core.package_identification:_identify(src/ur_description) by extension 'ignore_ament_install'
[0.155s] Level 1:colcon.colcon_core.package_identification:_identify(src/ur_description) by extensions ['colcon_pkg']
[0.155s] Level 1:colcon.colcon_core.package_identification:_identify(src/ur_description) by extension 'colcon_pkg'
[0.155s] Level 1:colcon.colcon_core.package_identification:_identify(src/ur_description) by extensions ['colcon_meta']
[0.155s] Level 1:colcon.colcon_core.package_identification:_identify(src/ur_description) by extension 'colcon_meta'
[0.155s] Level 1:colcon.colcon_core.package_identification:_identify(src/ur_description) by extensions ['ros']
[0.155s] Level 1:colcon.colcon_core.package_identification:_identify(src/ur_description) by extension 'ros'
[0.157s] DEBUG:colcon.colcon_core.package_identification:Package 'src/ur_description' with type 'ros.ament_cmake' and name 'ur_description'
[0.157s] Level 1:colcon.colcon_core.package_identification:_identify(src/ur_gazebo) by extensions ['ignore', 'ignore_ament_install']
[0.157s] Level 1:colcon.colcon_core.package_identification:_identify(src/ur_gazebo) by extension 'ignore'
[0.157s] Level 1:colcon.colcon_core.package_identification:_identify(src/ur_gazebo) by extension 'ignore_ament_install'
[0.157s] Level 1:colcon.colcon_core.package_identification:_identify(src/ur_gazebo) by extensions ['colcon_pkg']
[0.157s] Level 1:colcon.colcon_core.package_identification:_identify(src/ur_gazebo) by extension 'colcon_pkg'
[0.157s] Level 1:colcon.colcon_core.package_identification:_identify(src/ur_gazebo) by extensions ['colcon_meta']
[0.158s] Level 1:colcon.colcon_core.package_identification:_identify(src/ur_gazebo) by extension 'colcon_meta'
[0.158s] Level 1:colcon.colcon_core.package_identification:_identify(src/ur_gazebo) by extensions ['ros']
[0.158s] Level 1:colcon.colcon_core.package_identification:_identify(src/ur_gazebo) by extension 'ros'
[0.159s] DEBUG:colcon.colcon_core.package_identification:Package 'src/ur_gazebo' with type 'ros.ament_cmake' and name 'ur_gazebo'
[0.159s] Level 1:colcon.colcon_core.package_discovery:discover_packages(recursive) using defaults
[0.159s] Level 1:colcon.colcon_core.package_discovery:discover_packages(ignore) discover
[0.159s] Level 1:colcon.colcon_core.package_discovery:discover_packages(ignore) using defaults
[0.159s] Level 1:colcon.colcon_core.package_discovery:discover_packages(path) discover
[0.159s] Level 1:colcon.colcon_core.package_discovery:discover_packages(path) using defaults
[0.174s] Level 1:colcon.colcon_core.package_discovery:discover_packages(prefix_path) check parameters
[0.174s] Level 1:colcon.colcon_core.package_discovery:discover_packages(prefix_path) discover
[0.175s] WARNING:colcon.colcon_ros.prefix_path.ament:The path '/home/lifeofsankar/ros2_ws/install/ur_gazebo' in the environment variable AMENT_PREFIX_PATH doesn't exist
[0.175s] WARNING:colcon.colcon_ros.prefix_path.ament:The path '/home/lifeofsankar/ros2_ws/install/ur_description' in the environment variable AMENT_PREFIX_PATH doesn't exist
[0.175s] WARNING:colcon.colcon_ros.prefix_path.catkin:The path '/home/lifeofsankar/ros2_ws/install/ur_gazebo' in the environment variable CMAKE_PREFIX_PATH doesn't exist
[0.176s] WARNING:colcon.colcon_ros.prefix_path.catkin:The path '/home/lifeofsankar/ros2_ws/install/ur_description' in the environment variable CMAKE_PREFIX_PATH doesn't exist
[0.176s] DEBUG:colcon.colcon_installed_package_information.package_discovery:Found 0 installed packages in /home/lifeofsankar/ros2_ws/install
[0.178s] DEBUG:colcon.colcon_installed_package_information.package_discovery:Found 423 installed packages in /opt/ros/jazzy
[0.181s] Level 1:colcon.colcon_core.package_discovery:discover_packages(prefix_path) using defaults
[0.237s] Level 5:colcon.colcon_core.verb:set package 'ur_description' build argument 'cmake_args' from command line to 'None'
[0.237s] Level 5:colcon.colcon_core.verb:set package 'ur_description' build argument 'cmake_target' from command line to 'None'
[0.237s] Level 5:colcon.colcon_core.verb:set package 'ur_description' build argument 'cmake_target_skip_unavailable' from command line to 'False'
[0.237s] Level 5:colcon.colcon_core.verb:set package 'ur_description' build argument 'cmake_clean_cache' from command line to 'False'
[0.237s] Level 5:colcon.colcon_core.verb:set package 'ur_description' build argument 'cmake_clean_first' from command line to 'False'
[0.237s] Level 5:colcon.colcon_core.verb:set package 'ur_description' build argument 'cmake_force_configure' from command line to 'False'
[0.237s] Level 5:colcon.colcon_core.verb:set package 'ur_description' build argument 'ament_cmake_args' from command line to 'None'
[0.237s] Level 5:colcon.colcon_core.verb:set package 'ur_description' build argument 'catkin_cmake_args' from command line to 'None'
[0.237s] Level 5:colcon.colcon_core.verb:set package 'ur_description' build argument 'catkin_skip_building_tests' from command line to 'False'
[0.238s] DEBUG:colcon.colcon_core.verb:Building package 'ur_description' with the following arguments: {'ament_cmake_args': None, 'build_base': '/home/lifeofsankar/ros2_ws/build/ur_description', 'catkin_cmake_args': None, 'catkin_skip_building_tests': False, 'cmake_args': None, 'cmake_clean_cache': False, 'cmake_clean_first': False, 'cmake_force_configure': False, 'cmake_target': None, 'cmake_target_skip_unavailable': False, 'install_base': '/home/lifeofsankar/ros2_ws/install/ur_description', 'merge_install': False, 'path': '/home/lifeofsankar/ros2_ws/src/ur_description', 'symlink_install': False, 'test_result_base': None}
[0.238s] Level 5:colcon.colcon_core.verb:set package 'ur_gazebo' build argument 'cmake_args' from command line to 'None'
[0.238s] Level 5:colcon.colcon_core.verb:set package 'ur_gazebo' build argument 'cmake_target' from command line to 'None'
[0.238s] Level 5:colcon.colcon_core.verb:set package 'ur_gazebo' build argument 'cmake_target_skip_unavailable' from command line to 'False'
[0.238s] Level 5:colcon.colcon_core.verb:set package 'ur_gazebo' build argument 'cmake_clean_cache' from command line to 'False'
[0.238s] Level 5:colcon.colcon_core.verb:set package 'ur_gazebo' build argument 'cmake_clean_first' from command line to 'False'
[0.238s] Level 5:colcon.colcon_core.verb:set package 'ur_gazebo' build argument 'cmake_force_configure' from command line to 'False'
[0.238s] Level 5:colcon.colcon_core.verb:set package 'ur_gazebo' build argument 'ament_cmake_args' from command line to 'None'
[0.238s] Level 5:colcon.colcon_core.verb:set package 'ur_gazebo' build argument 'catkin_cmake_args' from command line to 'None'
[0.238s] Level 5:colcon.colcon_core.verb:set package 'ur_gazebo' build argument 'catkin_skip_building_tests' from command line to 'False'
[0.238s] DEBUG:colcon.colcon_core.verb:Building package 'ur_gazebo' with the following arguments: {'ament_cmake_args': None, 'build_base': '/home/lifeofsankar/ros2_ws/build/ur_gazebo', 'catkin_cmake_args': None, 'catkin_skip_building_tests': False, 'cmake_args': None, 'cmake_clean_cache': False, 'cmake_clean_first': False, 'cmake_force_configure': False, 'cmake_target': None, 'cmake_target_skip_unavailable': False, 'install_base': '/home/lifeofsankar/ros2_ws/install/ur_gazebo', 'merge_install': False, 'path': '/home/lifeofsankar/ros2_ws/src/ur_gazebo', 'symlink_install': False, 'test_result_base': None}
[0.238s] INFO:colcon.colcon_core.executor:Executing jobs using 'parallel' executor
[0.239s] DEBUG:colcon.colcon_parallel_executor.executor.parallel:run_until_complete
[0.239s] INFO:colcon.colcon_ros.task.ament_cmake.build:Building ROS package in '/home/lifeofsankar/ros2_ws/src/ur_description' with build type 'ament_cmake'
[0.239s] INFO:colcon.colcon_cmake.task.cmake.build:Building CMake package in '/home/lifeofsankar/ros2_ws/src/ur_description'
[0.242s] INFO:colcon.colcon_core.plugin_system:Skipping extension 'colcon_core.shell.bat': Not used on non-Windows systems
[0.242s] INFO:colcon.colcon_core.shell:Skip shell extension 'powershell' for command environment: Not usable outside of PowerShell
[0.242s] DEBUG:colcon.colcon_core.shell:Skip shell extension 'dsv' for command environment
[0.246s] INFO:colcon.colcon_ros.task.ament_cmake.build:Building ROS package in '/home/lifeofsankar/ros2_ws/src/ur_gazebo' with build type 'ament_cmake'
[0.246s] INFO:colcon.colcon_cmake.task.cmake.build:Building CMake package in '/home/lifeofsankar/ros2_ws/src/ur_gazebo'
[0.246s] INFO:colcon.colcon_core.shell:Skip shell extension 'powershell' for command environment: Not usable outside of PowerShell
[0.246s] DEBUG:colcon.colcon_core.shell:Skip shell extension 'dsv' for command environment
[0.253s] DEBUG:colcon.colcon_core.event_handler.log_command:Invoking command in '/home/lifeofsankar/ros2_ws/build/ur_description': CMAKE_PREFIX_PATH=${CMAKE_PREFIX_PATH}:/opt/ros/jazzy DEBUGINFOD_URLS=https://debuginfod.ubuntu.com /usr/bin/cmake /home/lifeofsankar/ros2_ws/src/ur_description -DCMAKE_INSTALL_PREFIX=/home/lifeofsankar/ros2_ws/install/ur_description
[0.256s] DEBUG:colcon.colcon_core.event_handler.log_command:Invoking command in '/home/lifeofsankar/ros2_ws/build/ur_gazebo': CMAKE_PREFIX_PATH=${CMAKE_PREFIX_PATH}:/opt/ros/jazzy DEBUGINFOD_URLS=https://debuginfod.ubuntu.com /usr/bin/cmake /home/lifeofsankar/ros2_ws/src/ur_gazebo -DCMAKE_INSTALL_PREFIX=/home/lifeofsankar/ros2_ws/install/ur_gazebo
[1.037s] DEBUG:colcon.colcon_core.event_handler.log_command:Invoked command in '/home/lifeofsankar/ros2_ws/build/ur_gazebo' returned '0': CMAKE_PREFIX_PATH=${CMAKE_PREFIX_PATH}:/opt/ros/jazzy DEBUGINFOD_URLS=https://debuginfod.ubuntu.com /usr/bin/cmake /home/lifeofsankar/ros2_ws/src/ur_gazebo -DCMAKE_INSTALL_PREFIX=/home/lifeofsankar/ros2_ws/install/ur_gazebo
[1.039s] DEBUG:colcon.colcon_core.event_handler.log_command:Invoking command in '/home/lifeofsankar/ros2_ws/build/ur_gazebo': CMAKE_PREFIX_PATH=${CMAKE_PREFIX_PATH}:/opt/ros/jazzy DEBUGINFOD_URLS=https://debuginfod.ubuntu.com /usr/bin/cmake --build /home/lifeofsankar/ros2_ws/build/ur_gazebo -- -j8 -l8
[1.079s] DEBUG:colcon.colcon_core.event_handler.log_command:Invoked command in '/home/lifeofsankar/ros2_ws/build/ur_gazebo' returned '0': CMAKE_PREFIX_PATH=${CMAKE_PREFIX_PATH}:/opt/ros/jazzy DEBUGINFOD_URLS=https://debuginfod.ubuntu.com /usr/bin/cmake --build /home/lifeofsankar/ros2_ws/build/ur_gazebo -- -j8 -l8
[1.088s] DEBUG:colcon.colcon_core.event_handler.log_command:Invoking command in '/home/lifeofsankar/ros2_ws/build/ur_gazebo': CMAKE_PREFIX_PATH=${CMAKE_PREFIX_PATH}:/opt/ros/jazzy DEBUGINFOD_URLS=https://debuginfod.ubuntu.com /usr/bin/cmake --install /home/lifeofsankar/ros2_ws/build/ur_gazebo
[1.100s] Level 1:colcon.colcon_core.environment:create_environment_scripts_only(ur_gazebo)
[1.100s] DEBUG:colcon.colcon_core.event_handler.log_command:Invoked command in '/home/lifeofsankar/ros2_ws/build/ur_gazebo' returned '0': CMAKE_PREFIX_PATH=${CMAKE_PREFIX_PATH}:/opt/ros/jazzy DEBUGINFOD_URLS=https://debuginfod.ubuntu.com /usr/bin/cmake --install /home/lifeofsankar/ros2_ws/build/ur_gazebo
[1.102s] Level 1:colcon.colcon_core.environment:checking '/home/lifeofsankar/ros2_ws/install/ur_gazebo' for CMake module files
[1.102s] Level 1:colcon.colcon_core.environment:checking '/home/lifeofsankar/ros2_ws/install/ur_gazebo' for CMake config files
[1.103s] Level 1:colcon.colcon_core.shell:create_environment_hook('ur_gazebo', 'cmake_prefix_path')
[1.103s] INFO:colcon.colcon_core.shell:Creating environment hook '/home/lifeofsankar/ros2_ws/install/ur_gazebo/share/ur_gazebo/hook/cmake_prefix_path.ps1'
[1.103s] INFO:colcon.colcon_core.shell:Creating environment descriptor '/home/lifeofsankar/ros2_ws/install/ur_gazebo/share/ur_gazebo/hook/cmake_prefix_path.dsv'
[1.104s] INFO:colcon.colcon_core.shell:Creating environment hook '/home/lifeofsankar/ros2_ws/install/ur_gazebo/share/ur_gazebo/hook/cmake_prefix_path.sh'
[1.104s] Level 1:colcon.colcon_core.environment:checking '/home/lifeofsankar/ros2_ws/install/ur_gazebo/bin'
[1.104s] Level 1:colcon.colcon_core.environment:checking '/home/lifeofsankar/ros2_ws/install/ur_gazebo/lib/pkgconfig/ur_gazebo.pc'
[1.104s] Level 1:colcon.colcon_core.environment:checking '/home/lifeofsankar/ros2_ws/install/ur_gazebo/lib/python3.12/site-packages'
[1.105s] Level 1:colcon.colcon_core.environment:checking '/home/lifeofsankar/ros2_ws/install/ur_gazebo/bin'
[1.105s] INFO:colcon.colcon_core.shell:Creating package script '/home/lifeofsankar/ros2_ws/install/ur_gazebo/share/ur_gazebo/package.ps1'
[1.105s] INFO:colcon.colcon_core.shell:Creating package descriptor '/home/lifeofsankar/ros2_ws/install/ur_gazebo/share/ur_gazebo/package.dsv'
[1.106s] INFO:colcon.colcon_core.shell:Creating package script '/home/lifeofsankar/ros2_ws/install/ur_gazebo/share/ur_gazebo/package.sh'
[1.106s] INFO:colcon.colcon_core.shell:Creating package script '/home/lifeofsankar/ros2_ws/install/ur_gazebo/share/ur_gazebo/package.bash'
[1.107s] INFO:colcon.colcon_core.shell:Creating package script '/home/lifeofsankar/ros2_ws/install/ur_gazebo/share/ur_gazebo/package.zsh'
[1.107s] Level 1:colcon.colcon_core.environment:create_file_with_runtime_dependencies(/home/lifeofsankar/ros2_ws/install/ur_gazebo/share/colcon-core/packages/ur_gazebo)
[1.108s] Level 1:colcon.colcon_core.environment:create_environment_scripts_only(ur_gazebo)
[1.108s] Level 1:colcon.colcon_core.environment:checking '/home/lifeofsankar/ros2_ws/install/ur_gazebo' for CMake module files
[1.109s] Level 1:colcon.colcon_core.environment:checking '/home/lifeofsankar/ros2_ws/install/ur_gazebo' for CMake config files
[1.109s] Level 1:colcon.colcon_core.shell:create_environment_hook('ur_gazebo', 'cmake_prefix_path')
[1.110s] INFO:colcon.colcon_core.shell:Creating environment hook '/home/lifeofsankar/ros2_ws/install/ur_gazebo/share/ur_gazebo/hook/cmake_prefix_path.ps1'
[1.110s] INFO:colcon.colcon_core.shell:Creating environment descriptor '/home/lifeofsankar/ros2_ws/install/ur_gazebo/share/ur_gazebo/hook/cmake_prefix_path.dsv'
[1.111s] INFO:colcon.colcon_core.shell:Creating environment hook '/home/lifeofsankar/ros2_ws/install/ur_gazebo/share/ur_gazebo/hook/cmake_prefix_path.sh'
[1.111s] Level 1:colcon.colcon_core.environment:checking '/home/lifeofsankar/ros2_ws/install/ur_gazebo/bin'
[1.111s] Level 1:colcon.colcon_core.environment:checking '/home/lifeofsankar/ros2_ws/install/ur_gazebo/lib/pkgconfig/ur_gazebo.pc'
[1.111s] Level 1:colcon.colcon_core.environment:checking '/home/lifeofsankar/ros2_ws/install/ur_gazebo/lib/python3.12/site-packages'
[1.112s] Level 1:colcon.colcon_core.environment:checking '/home/lifeofsankar/ros2_ws/install/ur_gazebo/bin'
[1.112s] INFO:colcon.colcon_core.shell:Creating package script '/home/lifeofsankar/ros2_ws/install/ur_gazebo/share/ur_gazebo/package.ps1'
[1.112s] INFO:colcon.colcon_core.shell:Creating package descriptor '/home/lifeofsankar/ros2_ws/install/ur_gazebo/share/ur_gazebo/package.dsv'
[1.113s] INFO:colcon.colcon_core.shell:Creating package script '/home/lifeofsankar/ros2_ws/install/ur_gazebo/share/ur_gazebo/package.sh'
[1.113s] INFO:colcon.colcon_core.shell:Creating package script '/home/lifeofsankar/ros2_ws/install/ur_gazebo/share/ur_gazebo/package.bash'
[1.113s] INFO:colcon.colcon_core.shell:Creating package script '/home/lifeofsankar/ros2_ws/install/ur_gazebo/share/ur_gazebo/package.zsh'
[1.114s] Level 1:colcon.colcon_core.environment:create_file_with_runtime_dependencies(/home/lifeofsankar/ros2_ws/install/ur_gazebo/share/colcon-core/packages/ur_gazebo)
[1.759s] DEBUG:colcon.colcon_core.event_handler.log_command:Invoked command in '/home/lifeofsankar/ros2_ws/build/ur_description' returned '0': CMAKE_PREFIX_PATH=${CMAKE_PREFIX_PATH}:/opt/ros/jazzy DEBUGINFOD_URLS=https://debuginfod.ubuntu.com /usr/bin/cmake /home/lifeofsankar/ros2_ws/src/ur_description -DCMAKE_INSTALL_PREFIX=/home/lifeofsankar/ros2_ws/install/ur_description
[1.760s] DEBUG:colcon.colcon_core.event_handler.log_command:Invoking command in '/home/lifeofsankar/ros2_ws/build/ur_description': CMAKE_PREFIX_PATH=${CMAKE_PREFIX_PATH}:/opt/ros/jazzy DEBUGINFOD_URLS=https://debuginfod.ubuntu.com /usr/bin/cmake --build /home/lifeofsankar/ros2_ws/build/ur_description -- -j8 -l8
[1.811s] DEBUG:colcon.colcon_core.event_handler.log_command:Invoked command in '/home/lifeofsankar/ros2_ws/build/ur_description' returned '0': CMAKE_PREFIX_PATH=${CMAKE_PREFIX_PATH}:/opt/ros/jazzy DEBUGINFOD_URLS=https://debuginfod.ubuntu.com /usr/bin/cmake --build /home/lifeofsankar/ros2_ws/build/ur_description -- -j8 -l8
[1.812s] DEBUG:colcon.colcon_core.event_handler.log_command:Invoking command in '/home/lifeofsankar/ros2_ws/build/ur_description': CMAKE_PREFIX_PATH=${CMAKE_PREFIX_PATH}:/opt/ros/jazzy DEBUGINFOD_URLS=https://debuginfod.ubuntu.com /usr/bin/cmake --install /home/lifeofsankar/ros2_ws/build/ur_description
[2.013s] Level 1:colcon.colcon_core.environment:create_environment_scripts_only(ur_description)
[2.014s] Level 1:colcon.colcon_core.environment:checking '/home/lifeofsankar/ros2_ws/install/ur_description' for CMake module files
[2.014s] DEBUG:colcon.colcon_core.event_handler.log_command:Invoked command in '/home/lifeofsankar/ros2_ws/build/ur_description' returned '0': CMAKE_PREFIX_PATH=${CMAKE_PREFIX_PATH}:/opt/ros/jazzy DEBUGINFOD_URLS=https://debuginfod.ubuntu.com /usr/bin/cmake --install /home/lifeofsankar/ros2_ws/build/ur_description
[2.014s] Level 1:colcon.colcon_core.environment:checking '/home/lifeofsankar/ros2_ws/install/ur_description' for CMake config files
[2.015s] Level 1:colcon.colcon_core.shell:create_environment_hook('ur_description', 'cmake_prefix_path')
[2.015s] INFO:colcon.colcon_core.shell:Creating environment hook '/home/lifeofsankar/ros2_ws/install/ur_description/share/ur_description/hook/cmake_prefix_path.ps1'
[2.016s] INFO:colcon.colcon_core.shell:Creating environment descriptor '/home/lifeofsankar/ros2_ws/install/ur_description/share/ur_description/hook/cmake_prefix_path.dsv'
[2.016s] INFO:colcon.colcon_core.shell:Creating environment hook '/home/lifeofsankar/ros2_ws/install/ur_description/share/ur_description/hook/cmake_prefix_path.sh'
[2.016s] Level 1:colcon.colcon_core.environment:checking '/home/lifeofsankar/ros2_ws/install/ur_description/bin'
[2.016s] Level 1:colcon.colcon_core.environment:checking '/home/lifeofsankar/ros2_ws/install/ur_description/lib/pkgconfig/ur_description.pc'
[2.017s] Level 1:colcon.colcon_core.environment:checking '/home/lifeofsankar/ros2_ws/install/ur_description/lib/python3.12/site-packages'
[2.017s] Level 1:colcon.colcon_core.environment:checking '/home/lifeofsankar/ros2_ws/install/ur_description/bin'
[2.017s] INFO:colcon.colcon_core.shell:Creating package script '/home/lifeofsankar/ros2_ws/install/ur_description/share/ur_description/package.ps1'
[2.017s] INFO:colcon.colcon_core.shell:Creating package descriptor '/home/lifeofsankar/ros2_ws/install/ur_description/share/ur_description/package.dsv'
[2.018s] INFO:colcon.colcon_core.shell:Creating package script '/home/lifeofsankar/ros2_ws/install/ur_description/share/ur_description/package.sh'
[2.018s] INFO:colcon.colcon_core.shell:Creating package script '/home/lifeofsankar/ros2_ws/install/ur_description/share/ur_description/package.bash'
[2.018s] INFO:colcon.colcon_core.shell:Creating package script '/home/lifeofsankar/ros2_ws/install/ur_description/share/ur_description/package.zsh'
[2.018s] Level 1:colcon.colcon_core.environment:create_file_with_runtime_dependencies(/home/lifeofsankar/ros2_ws/install/ur_description/share/colcon-core/packages/ur_description)
[2.019s] Level 1:colcon.colcon_core.environment:create_environment_scripts_only(ur_description)
[2.019s] Level 1:colcon.colcon_core.environment:checking '/home/lifeofsankar/ros2_ws/install/ur_description' for CMake module files
[2.019s] Level 1:colcon.colcon_core.environment:checking '/home/lifeofsankar/ros2_ws/install/ur_description' for CMake config files
[2.020s] Level 1:colcon.colcon_core.shell:create_environment_hook('ur_description', 'cmake_prefix_path')
[2.020s] INFO:colcon.colcon_core.shell:Creating environment hook '/home/lifeofsankar/ros2_ws/install/ur_description/share/ur_description/hook/cmake_prefix_path.ps1'
[2.020s] INFO:colcon.colcon_core.shell:Creating environment descriptor '/home/lifeofsankar/ros2_ws/install/ur_description/share/ur_description/hook/cmake_prefix_path.dsv'
[2.021s] INFO:colcon.colcon_core.shell:Creating environment hook '/home/lifeofsankar/ros2_ws/install/ur_description/share/ur_description/hook/cmake_prefix_path.sh'
[2.021s] Level 1:colcon.colcon_core.environment:checking '/home/lifeofsankar/ros2_ws/install/ur_description/bin'
[2.021s] Level 1:colcon.colcon_core.environment:checking '/home/lifeofsankar/ros2_ws/install/ur_description/lib/pkgconfig/ur_description.pc'
[2.021s] Level 1:colcon.colcon_core.environment:checking '/home/lifeofsankar/ros2_ws/install/ur_description/lib/python3.12/site-packages'
[2.022s] Level 1:colcon.colcon_core.environment:checking '/home/lifeofsankar/ros2_ws/install/ur_description/bin'
[2.022s] INFO:colcon.colcon_core.shell:Creating package script '/home/lifeofsankar/ros2_ws/install/ur_description/share/ur_description/package.ps1'
[2.022s] INFO:colcon.colcon_core.shell:Creating package descriptor '/home/lifeofsankar/ros2_ws/install/ur_description/share/ur_description/package.dsv'
[2.023s] INFO:colcon.colcon_core.shell:Creating package script '/home/lifeofsankar/ros2_ws/install/ur_description/share/ur_description/package.sh'
[2.023s] INFO:colcon.colcon_core.shell:Creating package script '/home/lifeofsankar/ros2_ws/install/ur_description/share/ur_description/package.bash'
[2.023s] INFO:colcon.colcon_core.shell:Creating package script '/home/lifeofsankar/ros2_ws/install/ur_description/share/ur_description/package.zsh'
[2.023s] Level 1:colcon.colcon_core.environment:create_file_with_runtime_dependencies(/home/lifeofsankar/ros2_ws/install/ur_description/share/colcon-core/packages/ur_description)
[2.024s] DEBUG:colcon.colcon_parallel_executor.executor.parallel:closing loop
[2.024s] DEBUG:colcon.colcon_parallel_executor.executor.parallel:loop closed
[2.024s] DEBUG:colcon.colcon_parallel_executor.executor.parallel:run_until_complete finished with '0'
[2.024s] DEBUG:colcon.colcon_core.event_reactor:joining thread
[2.032s] INFO:colcon.colcon_core.plugin_system:Skipping extension 'colcon_notification.desktop_notification.terminal_notifier': Not used on non-Darwin systems
[2.032s] INFO:colcon.colcon_core.plugin_system:Skipping extension 'colcon_notification.desktop_notification.win32': Not used on non-Windows systems
[2.032s] INFO:colcon.colcon_notification.desktop_notification:Sending desktop notification using 'notify2'
[2.044s] DEBUG:colcon.colcon_core.event_reactor:joined thread
[2.044s] INFO:colcon.colcon_core.shell:Creating prefix script '/home/lifeofsankar/ros2_ws/install/local_setup.ps1'
[2.045s] INFO:colcon.colcon_core.shell:Creating prefix util module '/home/lifeofsankar/ros2_ws/install/_local_setup_util_ps1.py'
[2.047s] INFO:colcon.colcon_core.shell:Creating prefix chain script '/home/lifeofsankar/ros2_ws/install/setup.ps1'
[2.048s] INFO:colcon.colcon_core.shell:Creating prefix script '/home/lifeofsankar/ros2_ws/install/local_setup.sh'
[2.049s] INFO:colcon.colcon_core.shell:Creating prefix util module '/home/lifeofsankar/ros2_ws/install/_local_setup_util_sh.py'
[2.049s] INFO:colcon.colcon_core.shell:Creating prefix chain script '/home/lifeofsankar/ros2_ws/install/setup.sh'
[2.050s] INFO:colcon.colcon_core.shell:Creating prefix script '/home/lifeofsankar/ros2_ws/install/local_setup.bash'
[2.051s] INFO:colcon.colcon_core.shell:Creating prefix chain script '/home/lifeofsankar/ros2_ws/install/setup.bash'
[2.051s] INFO:colcon.colcon_core.shell:Creating prefix script '/home/lifeofsankar/ros2_ws/install/local_setup.zsh'
[2.052s] INFO:colcon.colcon_core.shell:Creating prefix chain script '/home/lifeofsankar/ros2_ws/install/setup.zsh'
